{"/Users/dzaitsev/diploma/server.js": {"path":"/Users/dzaitsev/diploma/server.js","statementMap":{"0":{"start":{"line":1,"column":0},"end":{"line":1,"column":27}},"1":{"start":{"line":2,"column":16},"end":{"line":2,"column":34}},"2":{"start":{"line":3,"column":13},"end":{"line":3,"column":28}},"3":{"start":{"line":4,"column":15},"end":{"line":4,"column":32}},"4":{"start":{"line":5,"column":18},"end":{"line":5,"column":40}},"5":{"start":{"line":6,"column":11},"end":{"line":6,"column":24}},"6":{"start":{"line":7,"column":13},"end":{"line":7,"column":28}},"7":{"start":{"line":8,"column":29},"end":{"line":8,"column":54}},"8":{"start":{"line":11,"column":0},"end":{"line":13,"column":1}},"9":{"start":{"line":12,"column":2},"end":{"line":12,"column":14}},"10":{"start":{"line":15,"column":12},"end":{"line":15,"column":21}},"11":{"start":{"line":16,"column":15},"end":{"line":16,"column":37}},"12":{"start":{"line":19,"column":0},"end":{"line":19,"column":19}},"13":{"start":{"line":21,"column":13},"end":{"line":21,"column":28}},"14":{"start":{"line":24,"column":19},"end":{"line":24,"column":50}},"15":{"start":{"line":25,"column":0},"end":{"line":27,"column":1}},"16":{"start":{"line":26,"column":4},"end":{"line":26,"column":50}},"17":{"start":{"line":30,"column":0},"end":{"line":33,"column":4}},"18":{"start":{"line":36,"column":21},"end":{"line":36,"column":221}},"19":{"start":{"line":38,"column":19},"end":{"line":38,"column":124}},"20":{"start":{"line":38,"column":91},"end":{"line":38,"column":118}},"21":{"start":{"line":39,"column":23},"end":{"line":39,"column":55}},"22":{"start":{"line":41,"column":0},"end":{"line":51,"column":4}},"23":{"start":{"line":44,"column":8},"end":{"line":44,"column":110}},"24":{"start":{"line":44,"column":88},"end":{"line":44,"column":110}},"25":{"start":{"line":45,"column":8},"end":{"line":45,"column":68}},"26":{"start":{"line":46,"column":22},"end":{"line":46,"column":51}},"27":{"start":{"line":47,"column":8},"end":{"line":47,"column":27}},"28":{"start":{"line":48,"column":8},"end":{"line":48,"column":18}},"29":{"start":{"line":52,"column":0},"end":{"line":52,"column":24}},"30":{"start":{"line":58,"column":0},"end":{"line":58,"column":61}},"31":{"start":{"line":61,"column":0},"end":{"line":63,"column":3}},"32":{"start":{"line":62,"column":2},"end":{"line":62,"column":66}},"33":{"start":{"line":66,"column":0},"end":{"line":66,"column":61}},"34":{"start":{"line":66,"column":38},"end":{"line":66,"column":59}},"35":{"start":{"line":67,"column":0},"end":{"line":67,"column":53}},"36":{"start":{"line":68,"column":0},"end":{"line":68,"column":54}},"37":{"start":{"line":69,"column":0},"end":{"line":69,"column":62}},"38":{"start":{"line":70,"column":0},"end":{"line":70,"column":55}},"39":{"start":{"line":71,"column":0},"end":{"line":71,"column":71}},"40":{"start":{"line":72,"column":0},"end":{"line":72,"column":66}},"41":{"start":{"line":73,"column":0},"end":{"line":73,"column":61}},"42":{"start":{"line":74,"column":0},"end":{"line":74,"column":70}},"43":{"start":{"line":75,"column":0},"end":{"line":75,"column":69}},"44":{"start":{"line":76,"column":0},"end":{"line":76,"column":66}},"45":{"start":{"line":79,"column":0},"end":{"line":81,"column":3}},"46":{"start":{"line":80,"column":2},"end":{"line":80,"column":93}},"47":{"start":{"line":84,"column":0},"end":{"line":90,"column":3}},"48":{"start":{"line":86,"column":2},"end":{"line":88,"column":3}},"49":{"start":{"line":87,"column":4},"end":{"line":87,"column":48}},"50":{"start":{"line":89,"column":2},"end":{"line":89,"column":94}},"51":{"start":{"line":93,"column":0},"end":{"line":98,"column":3}},"52":{"start":{"line":94,"column":4},"end":{"line":96,"column":5}},"53":{"start":{"line":95,"column":8},"end":{"line":95,"column":22}},"54":{"start":{"line":97,"column":4},"end":{"line":97,"column":68}},"55":{"start":{"line":100,"column":13},"end":{"line":100,"column":37}},"56":{"start":{"line":102,"column":0},"end":{"line":106,"column":1}},"57":{"start":{"line":103,"column":2},"end":{"line":105,"column":5}},"58":{"start":{"line":104,"column":4},"end":{"line":104,"column":50}},"59":{"start":{"line":108,"column":0},"end":{"line":108,"column":21}}},"fnMap":{"0":{"name":"(anonymous_0)","decl":{"start":{"line":38,"column":86},"end":{"line":38,"column":87}},"loc":{"start":{"line":38,"column":91},"end":{"line":38,"column":118}},"line":38},"1":{"name":"(anonymous_1)","decl":{"start":{"line":42,"column":12},"end":{"line":42,"column":13}},"loc":{"start":{"line":42,"column":28},"end":{"line":49,"column":5}},"line":42},"2":{"name":"(anonymous_2)","decl":{"start":{"line":61,"column":13},"end":{"line":61,"column":14}},"loc":{"start":{"line":61,"column":27},"end":{"line":63,"column":1}},"line":61},"3":{"name":"(anonymous_3)","decl":{"start":{"line":66,"column":24},"end":{"line":66,"column":25}},"loc":{"start":{"line":66,"column":38},"end":{"line":66,"column":59}},"line":66},"4":{"name":"(anonymous_4)","decl":{"start":{"line":79,"column":8},"end":{"line":79,"column":9}},"loc":{"start":{"line":79,"column":28},"end":{"line":81,"column":1}},"line":79},"5":{"name":"(anonymous_5)","decl":{"start":{"line":84,"column":8},"end":{"line":84,"column":9}},"loc":{"start":{"line":84,"column":33},"end":{"line":90,"column":1}},"line":84},"6":{"name":"(anonymous_6)","decl":{"start":{"line":93,"column":18},"end":{"line":93,"column":19}},"loc":{"start":{"line":93,"column":38},"end":{"line":98,"column":1}},"line":93},"7":{"name":"(anonymous_7)","decl":{"start":{"line":103,"column":22},"end":{"line":103,"column":23}},"loc":{"start":{"line":103,"column":28},"end":{"line":105,"column":3}},"line":103}},"branchMap":{"0":{"loc":{"start":{"line":11,"column":0},"end":{"line":13,"column":1}},"type":"if","locations":[{"start":{"line":11,"column":0},"end":{"line":13,"column":1}},{"start":{},"end":{}}],"line":11},"1":{"loc":{"start":{"line":25,"column":0},"end":{"line":27,"column":1}},"type":"if","locations":[{"start":{"line":25,"column":0},"end":{"line":27,"column":1}},{"start":{},"end":{}}],"line":25},"2":{"loc":{"start":{"line":38,"column":19},"end":{"line":38,"column":124}},"type":"cond-expr","locations":[{"start":{"line":38,"column":46},"end":{"line":38,"column":119}},{"start":{"line":38,"column":122},"end":{"line":38,"column":124}}],"line":38},"3":{"loc":{"start":{"line":44,"column":8},"end":{"line":44,"column":110}},"type":"if","locations":[{"start":{"line":44,"column":8},"end":{"line":44,"column":110}},{"start":{},"end":{}}],"line":44},"4":{"loc":{"start":{"line":44,"column":12},"end":{"line":44,"column":86}},"type":"binary-expr","locations":[{"start":{"line":44,"column":12},"end":{"line":44,"column":19}},{"start":{"line":44,"column":23},"end":{"line":44,"column":51}},{"start":{"line":44,"column":55},"end":{"line":44,"column":86}}],"line":44},"5":{"loc":{"start":{"line":86,"column":2},"end":{"line":88,"column":3}},"type":"if","locations":[{"start":{"line":86,"column":2},"end":{"line":88,"column":3}},{"start":{},"end":{}}],"line":86},"6":{"loc":{"start":{"line":86,"column":8},"end":{"line":86,"column":94}},"type":"binary-expr","locations":[{"start":{"line":86,"column":8},"end":{"line":86,"column":39}},{"start":{"line":86,"column":44},"end":{"line":86,"column":62}},{"start":{"line":86,"column":66},"end":{"line":86,"column":93}}],"line":86},"7":{"loc":{"start":{"line":89,"column":13},"end":{"line":89,"column":30}},"type":"binary-expr","locations":[{"start":{"line":89,"column":13},"end":{"line":89,"column":23}},{"start":{"line":89,"column":27},"end":{"line":89,"column":30}}],"line":89},"8":{"loc":{"start":{"line":89,"column":48},"end":{"line":89,"column":90}},"type":"binary-expr","locations":[{"start":{"line":89,"column":48},"end":{"line":89,"column":59}},{"start":{"line":89,"column":63},"end":{"line":89,"column":90}}],"line":89},"9":{"loc":{"start":{"line":94,"column":4},"end":{"line":96,"column":5}},"type":"if","locations":[{"start":{"line":94,"column":4},"end":{"line":96,"column":5}},{"start":{},"end":{}}],"line":94},"10":{"loc":{"start":{"line":100,"column":13},"end":{"line":100,"column":37}},"type":"binary-expr","locations":[{"start":{"line":100,"column":13},"end":{"line":100,"column":29}},{"start":{"line":100,"column":33},"end":{"line":100,"column":37}}],"line":100},"11":{"loc":{"start":{"line":102,"column":0},"end":{"line":106,"column":1}},"type":"if","locations":[{"start":{"line":102,"column":0},"end":{"line":106,"column":1}},{"start":{},"end":{}}],"line":102}},"s":{"0":9,"1":9,"2":9,"3":9,"4":9,"5":9,"6":9,"7":9,"8":9,"9":0,"10":9,"11":9,"12":9,"13":9,"14":9,"15":9,"16":0,"17":9,"18":9,"19":9,"20":0,"21":9,"22":9,"23":56,"24":56,"25":0,"26":0,"27":0,"28":0,"29":9,"30":9,"31":9,"32":0,"33":9,"34":0,"35":9,"36":9,"37":9,"38":9,"39":9,"40":9,"41":9,"42":9,"43":9,"44":9,"45":9,"46":0,"47":9,"48":1,"49":0,"50":1,"51":9,"52":0,"53":0,"54":0,"55":9,"56":9,"57":0,"58":0,"59":9},"f":{"0":0,"1":56,"2":0,"3":0,"4":0,"5":1,"6":0,"7":0},"b":{"0":[0,9],"1":[0,9],"2":[0,9],"3":[56,0],"4":[56,0,0],"5":[0,1],"6":[1,1,0],"7":[1,0],"8":[1,0],"9":[0,0],"10":[9,0],"11":[0,9]},"_coverageSchema":"1a1c01bbd47fc00a2c39e90264f33305004495a9","hash":"ba7cc3f493a353f9e0340e513d453e7771dd67f7"}
,"/Users/dzaitsev/diploma/config/db.js": {"path":"/Users/dzaitsev/diploma/config/db.js","statementMap":{"0":{"start":{"line":1,"column":17},"end":{"line":1,"column":36}},"1":{"start":{"line":3,"column":18},"end":{"line":11,"column":1}},"2":{"start":{"line":4,"column":2},"end":{"line":10,"column":3}},"3":{"start":{"line":5,"column":17},"end":{"line":5,"column":64}},"4":{"start":{"line":6,"column":4},"end":{"line":6,"column":62}},"5":{"start":{"line":8,"column":4},"end":{"line":8,"column":45}},"6":{"start":{"line":9,"column":4},"end":{"line":9,"column":20}},"7":{"start":{"line":13,"column":0},"end":{"line":13,"column":27}}},"fnMap":{"0":{"name":"(anonymous_0)","decl":{"start":{"line":3,"column":18},"end":{"line":3,"column":19}},"loc":{"start":{"line":3,"column":30},"end":{"line":11,"column":1}},"line":3}},"branchMap":{},"s":{"0":9,"1":9,"2":0,"3":0,"4":0,"5":0,"6":0,"7":9},"f":{"0":0},"b":{},"_coverageSchema":"1a1c01bbd47fc00a2c39e90264f33305004495a9","hash":"7a1cb9d3329d30ac81b4180b35512bfe7af04057"}
,"/Users/dzaitsev/diploma/controllers/authController.js": {"path":"/Users/dzaitsev/diploma/controllers/authController.js","statementMap":{"0":{"start":{"line":1,"column":13},"end":{"line":1,"column":38}},"1":{"start":{"line":2,"column":15},"end":{"line":2,"column":34}},"2":{"start":{"line":3,"column":22},"end":{"line":3,"column":55}},"3":{"start":{"line":8,"column":18},"end":{"line":33,"column":1}},"4":{"start":{"line":9,"column":30},"end":{"line":9,"column":38}},"5":{"start":{"line":11,"column":2},"end":{"line":32,"column":3}},"6":{"start":{"line":12,"column":17},"end":{"line":12,"column":46}},"7":{"start":{"line":14,"column":4},"end":{"line":28,"column":5}},"8":{"start":{"line":15,"column":6},"end":{"line":17,"column":7}},"9":{"start":{"line":16,"column":8},"end":{"line":16,"column":115}},"10":{"start":{"line":18,"column":6},"end":{"line":25,"column":9}},"11":{"start":{"line":27,"column":6},"end":{"line":27,"column":69}},"12":{"start":{"line":30,"column":4},"end":{"line":30,"column":41}},"13":{"start":{"line":31,"column":4},"end":{"line":31,"column":67}},"14":{"start":{"line":38,"column":21},"end":{"line":77,"column":1}},"15":{"start":{"line":39,"column":58},"end":{"line":39,"column":66}},"16":{"start":{"line":41,"column":2},"end":{"line":76,"column":3}},"17":{"start":{"line":42,"column":23},"end":{"line":42,"column":52}},"18":{"start":{"line":44,"column":4},"end":{"line":46,"column":5}},"19":{"start":{"line":45,"column":6},"end":{"line":45,"column":70}},"20":{"start":{"line":48,"column":17},"end":{"line":48,"column":41}},"21":{"start":{"line":49,"column":25},"end":{"line":49,"column":58}},"22":{"start":{"line":51,"column":17},"end":{"line":57,"column":6}},"23":{"start":{"line":59,"column":4},"end":{"line":72,"column":5}},"24":{"start":{"line":60,"column":6},"end":{"line":69,"column":9}},"25":{"start":{"line":71,"column":6},"end":{"line":71,"column":61}},"26":{"start":{"line":74,"column":4},"end":{"line":74,"column":44}},"27":{"start":{"line":75,"column":4},"end":{"line":75,"column":67}},"28":{"start":{"line":82,"column":23},"end":{"line":95,"column":1}},"29":{"start":{"line":83,"column":2},"end":{"line":94,"column":3}},"30":{"start":{"line":84,"column":17},"end":{"line":84,"column":74}},"31":{"start":{"line":86,"column":4},"end":{"line":90,"column":5}},"32":{"start":{"line":87,"column":6},"end":{"line":87,"column":21}},"33":{"start":{"line":89,"column":6},"end":{"line":89,"column":58}},"34":{"start":{"line":92,"column":4},"end":{"line":92,"column":47}},"35":{"start":{"line":93,"column":4},"end":{"line":93,"column":67}},"36":{"start":{"line":97,"column":22},"end":{"line":128,"column":1}},"37":{"start":{"line":98,"column":2},"end":{"line":127,"column":3}},"38":{"start":{"line":99,"column":17},"end":{"line":99,"column":50}},"39":{"start":{"line":100,"column":4},"end":{"line":100,"column":74}},"40":{"start":{"line":100,"column":15},"end":{"line":100,"column":74}},"41":{"start":{"line":102,"column":4},"end":{"line":108,"column":5}},"42":{"start":{"line":103,"column":6},"end":{"line":107,"column":7}},"43":{"start":{"line":104,"column":8},"end":{"line":104,"column":64}},"44":{"start":{"line":106,"column":8},"end":{"line":106,"column":54}},"45":{"start":{"line":110,"column":4},"end":{"line":112,"column":5}},"46":{"start":{"line":111,"column":6},"end":{"line":111,"column":52}},"47":{"start":{"line":114,"column":4},"end":{"line":114,"column":22}},"48":{"start":{"line":115,"column":4},"end":{"line":123,"column":7}},"49":{"start":{"line":125,"column":4},"end":{"line":125,"column":50}},"50":{"start":{"line":126,"column":4},"end":{"line":126,"column":67}},"51":{"start":{"line":130,"column":0},"end":{"line":135,"column":2}}},"fnMap":{"0":{"name":"(anonymous_0)","decl":{"start":{"line":8,"column":18},"end":{"line":8,"column":19}},"loc":{"start":{"line":8,"column":38},"end":{"line":33,"column":1}},"line":8},"1":{"name":"(anonymous_1)","decl":{"start":{"line":38,"column":21},"end":{"line":38,"column":22}},"loc":{"start":{"line":38,"column":41},"end":{"line":77,"column":1}},"line":38},"2":{"name":"(anonymous_2)","decl":{"start":{"line":82,"column":23},"end":{"line":82,"column":24}},"loc":{"start":{"line":82,"column":43},"end":{"line":95,"column":1}},"line":82},"3":{"name":"(anonymous_3)","decl":{"start":{"line":97,"column":22},"end":{"line":97,"column":23}},"loc":{"start":{"line":97,"column":42},"end":{"line":128,"column":1}},"line":97}},"branchMap":{"0":{"loc":{"start":{"line":14,"column":4},"end":{"line":28,"column":5}},"type":"if","locations":[{"start":{"line":14,"column":4},"end":{"line":28,"column":5}},{"start":{"line":26,"column":11},"end":{"line":28,"column":5}}],"line":14},"1":{"loc":{"start":{"line":14,"column":8},"end":{"line":14,"column":67}},"type":"binary-expr","locations":[{"start":{"line":14,"column":8},"end":{"line":14,"column":12}},{"start":{"line":14,"column":17},"end":{"line":14,"column":66}}],"line":14},"2":{"loc":{"start":{"line":15,"column":6},"end":{"line":17,"column":7}},"type":"if","locations":[{"start":{"line":15,"column":6},"end":{"line":17,"column":7}},{"start":{},"end":{}}],"line":15},"3":{"loc":{"start":{"line":44,"column":4},"end":{"line":46,"column":5}},"type":"if","locations":[{"start":{"line":44,"column":4},"end":{"line":46,"column":5}},{"start":{},"end":{}}],"line":44},"4":{"loc":{"start":{"line":59,"column":4},"end":{"line":72,"column":5}},"type":"if","locations":[{"start":{"line":59,"column":4},"end":{"line":72,"column":5}},{"start":{"line":70,"column":11},"end":{"line":72,"column":5}}],"line":59},"5":{"loc":{"start":{"line":86,"column":4},"end":{"line":90,"column":5}},"type":"if","locations":[{"start":{"line":86,"column":4},"end":{"line":90,"column":5}},{"start":{"line":88,"column":11},"end":{"line":90,"column":5}}],"line":86},"6":{"loc":{"start":{"line":100,"column":4},"end":{"line":100,"column":74}},"type":"if","locations":[{"start":{"line":100,"column":4},"end":{"line":100,"column":74}},{"start":{},"end":{}}],"line":100},"7":{"loc":{"start":{"line":102,"column":4},"end":{"line":108,"column":5}},"type":"if","locations":[{"start":{"line":102,"column":4},"end":{"line":108,"column":5}},{"start":{},"end":{}}],"line":102},"8":{"loc":{"start":{"line":110,"column":4},"end":{"line":112,"column":5}},"type":"if","locations":[{"start":{"line":110,"column":4},"end":{"line":112,"column":5}},{"start":{},"end":{}}],"line":110}},"s":{"0":9,"1":9,"2":9,"3":9,"4":5,"5":5,"6":5,"7":5,"8":4,"9":0,"10":4,"11":1,"12":0,"13":0,"14":9,"15":1,"16":1,"17":1,"18":1,"19":0,"20":1,"21":1,"22":1,"23":1,"24":1,"25":0,"26":0,"27":0,"28":9,"29":2,"30":2,"31":2,"32":2,"33":0,"34":0,"35":0,"36":9,"37":0,"38":0,"39":0,"40":0,"41":0,"42":0,"43":0,"44":0,"45":0,"46":0,"47":0,"48":0,"49":0,"50":0,"51":9},"f":{"0":5,"1":1,"2":2,"3":0},"b":{"0":[4,1],"1":[5,5],"2":[0,4],"3":[0,1],"4":[1,0],"5":[2,0],"6":[0,0],"7":[0,0],"8":[0,0]},"_coverageSchema":"1a1c01bbd47fc00a2c39e90264f33305004495a9","hash":"b18cb39e2b0c9ffbe8888fb7c2f7fc29415ea8b2"}
,"/Users/dzaitsev/diploma/controllers/departmentController.js": {"path":"/Users/dzaitsev/diploma/controllers/departmentController.js","statementMap":{"0":{"start":{"line":1,"column":19},"end":{"line":1,"column":50}},"1":{"start":{"line":2,"column":13},"end":{"line":2,"column":38}},"2":{"start":{"line":3,"column":17},"end":{"line":3,"column":46}},"3":{"start":{"line":5,"column":23},"end":{"line":12,"column":1}},"4":{"start":{"line":6,"column":2},"end":{"line":11,"column":3}},"5":{"start":{"line":7,"column":24},"end":{"line":7,"column":67}},"6":{"start":{"line":8,"column":4},"end":{"line":8,"column":26}},"7":{"start":{"line":10,"column":4},"end":{"line":10,"column":71}},"8":{"start":{"line":17,"column":25},"end":{"line":28,"column":1}},"9":{"start":{"line":18,"column":2},"end":{"line":27,"column":3}},"10":{"start":{"line":19,"column":34},"end":{"line":19,"column":42}},"11":{"start":{"line":20,"column":19},"end":{"line":20,"column":53}},"12":{"start":{"line":21,"column":4},"end":{"line":21,"column":92}},"13":{"start":{"line":21,"column":16},"end":{"line":21,"column":92}},"14":{"start":{"line":23,"column":17},"end":{"line":23,"column":63}},"15":{"start":{"line":24,"column":4},"end":{"line":24,"column":31}},"16":{"start":{"line":26,"column":4},"end":{"line":26,"column":67}},"17":{"start":{"line":33,"column":25},"end":{"line":53,"column":1}},"18":{"start":{"line":34,"column":2},"end":{"line":52,"column":3}},"19":{"start":{"line":35,"column":17},"end":{"line":35,"column":57}},"20":{"start":{"line":36,"column":4},"end":{"line":36,"column":71}},"21":{"start":{"line":36,"column":15},"end":{"line":36,"column":71}},"22":{"start":{"line":38,"column":24},"end":{"line":38,"column":91}},"23":{"start":{"line":40,"column":4},"end":{"line":46,"column":5}},"24":{"start":{"line":41,"column":30},"end":{"line":43,"column":25}},"25":{"start":{"line":42,"column":33},"end":{"line":42,"column":152}},"26":{"start":{"line":45,"column":8},"end":{"line":45,"column":163}},"27":{"start":{"line":48,"column":4},"end":{"line":48,"column":54}},"28":{"start":{"line":49,"column":4},"end":{"line":49,"column":53}},"29":{"start":{"line":51,"column":4},"end":{"line":51,"column":67}},"30":{"start":{"line":58,"column":25},"end":{"line":75,"column":1}},"31":{"start":{"line":59,"column":2},"end":{"line":74,"column":3}},"32":{"start":{"line":60,"column":34},"end":{"line":60,"column":42}},"33":{"start":{"line":61,"column":17},"end":{"line":61,"column":57}},"34":{"start":{"line":62,"column":4},"end":{"line":62,"column":71}},"35":{"start":{"line":62,"column":15},"end":{"line":62,"column":71}},"36":{"start":{"line":64,"column":4},"end":{"line":68,"column":5}},"37":{"start":{"line":66,"column":8},"end":{"line":66,"column":79}},"38":{"start":{"line":67,"column":8},"end":{"line":67,"column":83}},"39":{"start":{"line":70,"column":20},"end":{"line":70,"column":142}},"40":{"start":{"line":71,"column":4},"end":{"line":71,"column":22}},"41":{"start":{"line":73,"column":4},"end":{"line":73,"column":67}},"42":{"start":{"line":77,"column":0},"end":{"line":77,"column":90}}},"fnMap":{"0":{"name":"(anonymous_0)","decl":{"start":{"line":5,"column":23},"end":{"line":5,"column":24}},"loc":{"start":{"line":5,"column":43},"end":{"line":12,"column":1}},"line":5},"1":{"name":"(anonymous_1)","decl":{"start":{"line":17,"column":25},"end":{"line":17,"column":26}},"loc":{"start":{"line":17,"column":45},"end":{"line":28,"column":1}},"line":17},"2":{"name":"(anonymous_2)","decl":{"start":{"line":33,"column":25},"end":{"line":33,"column":26}},"loc":{"start":{"line":33,"column":45},"end":{"line":53,"column":1}},"line":33},"3":{"name":"(anonymous_3)","decl":{"start":{"line":42,"column":28},"end":{"line":42,"column":29}},"loc":{"start":{"line":42,"column":33},"end":{"line":42,"column":152}},"line":42},"4":{"name":"(anonymous_4)","decl":{"start":{"line":58,"column":25},"end":{"line":58,"column":26}},"loc":{"start":{"line":58,"column":45},"end":{"line":75,"column":1}},"line":58}},"branchMap":{"0":{"loc":{"start":{"line":21,"column":4},"end":{"line":21,"column":92}},"type":"if","locations":[{"start":{"line":21,"column":4},"end":{"line":21,"column":92}},{"start":{},"end":{}}],"line":21},"1":{"loc":{"start":{"line":36,"column":4},"end":{"line":36,"column":71}},"type":"if","locations":[{"start":{"line":36,"column":4},"end":{"line":36,"column":71}},{"start":{},"end":{}}],"line":36},"2":{"loc":{"start":{"line":40,"column":4},"end":{"line":46,"column":5}},"type":"if","locations":[{"start":{"line":40,"column":4},"end":{"line":46,"column":5}},{"start":{},"end":{}}],"line":40},"3":{"loc":{"start":{"line":62,"column":4},"end":{"line":62,"column":71}},"type":"if","locations":[{"start":{"line":62,"column":4},"end":{"line":62,"column":71}},{"start":{},"end":{}}],"line":62},"4":{"loc":{"start":{"line":64,"column":4},"end":{"line":68,"column":5}},"type":"if","locations":[{"start":{"line":64,"column":4},"end":{"line":68,"column":5}},{"start":{},"end":{}}],"line":64},"5":{"loc":{"start":{"line":64,"column":8},"end":{"line":64,"column":34}},"type":"binary-expr","locations":[{"start":{"line":64,"column":8},"end":{"line":64,"column":12}},{"start":{"line":64,"column":16},"end":{"line":64,"column":34}}],"line":64}},"s":{"0":9,"1":9,"2":9,"3":9,"4":1,"5":1,"6":1,"7":0,"8":9,"9":1,"10":1,"11":1,"12":1,"13":0,"14":1,"15":1,"16":0,"17":9,"18":0,"19":0,"20":0,"21":0,"22":0,"23":0,"24":0,"25":0,"26":0,"27":0,"28":0,"29":0,"30":9,"31":0,"32":0,"33":0,"34":0,"35":0,"36":0,"37":0,"38":0,"39":0,"40":0,"41":0,"42":9},"f":{"0":1,"1":1,"2":0,"3":0,"4":0},"b":{"0":[0,1],"1":[0,0],"2":[0,0],"3":[0,0],"4":[0,0],"5":[0,0]},"_coverageSchema":"1a1c01bbd47fc00a2c39e90264f33305004495a9","hash":"e8e84d74b475e84e3394e27d81f2d324f33b0e63"}
,"/Users/dzaitsev/diploma/controllers/documentController.js": {"path":"/Users/dzaitsev/diploma/controllers/documentController.js","statementMap":{"0":{"start":{"line":1,"column":13},"end":{"line":1,"column":28}},"1":{"start":{"line":2,"column":15},"end":{"line":2,"column":32}},"2":{"start":{"line":3,"column":17},"end":{"line":3,"column":46}},"3":{"start":{"line":4,"column":17},"end":{"line":4,"column":46}},"4":{"start":{"line":5,"column":17},"end":{"line":5,"column":46}},"5":{"start":{"line":6,"column":23},"end":{"line":6,"column":58}},"6":{"start":{"line":7,"column":13},"end":{"line":7,"column":38}},"7":{"start":{"line":8,"column":21},"end":{"line":8,"column":54}},"8":{"start":{"line":9,"column":19},"end":{"line":9,"column":50}},"9":{"start":{"line":10,"column":28},"end":{"line":10,"column":60}},"10":{"start":{"line":11,"column":33},"end":{"line":11,"column":66}},"11":{"start":{"line":12,"column":23},"end":{"line":12,"column":49}},"12":{"start":{"line":14,"column":20},"end":{"line":14,"column":71}},"13":{"start":{"line":14,"column":29},"end":{"line":14,"column":71}},"14":{"start":{"line":16,"column":23},"end":{"line":25,"column":1}},"15":{"start":{"line":17,"column":2},"end":{"line":24,"column":5}},"16":{"start":{"line":27,"column":24},"end":{"line":40,"column":1}},"17":{"start":{"line":28,"column":4},"end":{"line":39,"column":5}},"18":{"start":{"line":29,"column":8},"end":{"line":36,"column":11}},"19":{"start":{"line":38,"column":8},"end":{"line":38,"column":54}},"20":{"start":{"line":43,"column":27},"end":{"line":60,"column":1}},"21":{"start":{"line":44,"column":4},"end":{"line":59,"column":5}},"22":{"start":{"line":45,"column":22},"end":{"line":45,"column":109}},"23":{"start":{"line":48,"column":8},"end":{"line":56,"column":11}},"24":{"start":{"line":58,"column":8},"end":{"line":58,"column":50}},"25":{"start":{"line":63,"column":27},"end":{"line":73,"column":1}},"26":{"start":{"line":64,"column":16},"end":{"line":64,"column":26}},"27":{"start":{"line":65,"column":23},"end":{"line":71,"column":59}},"28":{"start":{"line":72,"column":4},"end":{"line":72,"column":51}},"29":{"start":{"line":75,"column":23},"end":{"line":148,"column":1}},"30":{"start":{"line":76,"column":2},"end":{"line":147,"column":3}},"31":{"start":{"line":77,"column":85},"end":{"line":77,"column":93}},"32":{"start":{"line":79,"column":19},"end":{"line":79,"column":43}},"33":{"start":{"line":80,"column":4},"end":{"line":80,"column":53}},"34":{"start":{"line":80,"column":19},"end":{"line":80,"column":53}},"35":{"start":{"line":81,"column":4},"end":{"line":83,"column":5}},"36":{"start":{"line":82,"column":8},"end":{"line":82,"column":124}},"37":{"start":{"line":85,"column":18},"end":{"line":92,"column":12}},"38":{"start":{"line":85,"column":50},"end":{"line":92,"column":5}},"39":{"start":{"line":94,"column":26},"end":{"line":100,"column":5}},"40":{"start":{"line":101,"column":23},"end":{"line":101,"column":66}},"41":{"start":{"line":104,"column":21},"end":{"line":104,"column":23}},"42":{"start":{"line":105,"column":4},"end":{"line":107,"column":5}},"43":{"start":{"line":106,"column":8},"end":{"line":106,"column":149}},"44":{"start":{"line":106,"column":115},"end":{"line":106,"column":131}},"45":{"start":{"line":110,"column":4},"end":{"line":128,"column":5}},"46":{"start":{"line":110,"column":23},"end":{"line":110,"column":24}},"47":{"start":{"line":111,"column":24},"end":{"line":111,"column":75}},"48":{"start":{"line":112,"column":6},"end":{"line":127,"column":7}},"49":{"start":{"line":113,"column":8},"end":{"line":122,"column":11}},"50":{"start":{"line":123,"column":8},"end":{"line":123,"column":14}},"51":{"start":{"line":125,"column":8},"end":{"line":125,"column":56}},"52":{"start":{"line":125,"column":47},"end":{"line":125,"column":56}},"53":{"start":{"line":126,"column":8},"end":{"line":126,"column":18}},"54":{"start":{"line":130,"column":4},"end":{"line":132,"column":5}},"55":{"start":{"line":131,"column":6},"end":{"line":131,"column":104}},"56":{"start":{"line":134,"column":4},"end":{"line":134,"column":63}},"57":{"start":{"line":137,"column":4},"end":{"line":141,"column":5}},"58":{"start":{"line":138,"column":8},"end":{"line":140,"column":27}},"59":{"start":{"line":139,"column":12},"end":{"line":139,"column":102}},"60":{"start":{"line":139,"column":22},"end":{"line":139,"column":102}},"61":{"start":{"line":143,"column":4},"end":{"line":143,"column":35}},"62":{"start":{"line":145,"column":4},"end":{"line":145,"column":51}},"63":{"start":{"line":146,"column":4},"end":{"line":146,"column":69}},"64":{"start":{"line":150,"column":21},"end":{"line":271,"column":1}},"65":{"start":{"line":151,"column":2},"end":{"line":270,"column":3}},"66":{"start":{"line":152,"column":19},"end":{"line":152,"column":39}},"67":{"start":{"line":154,"column":152},"end":{"line":154,"column":161}},"68":{"start":{"line":157,"column":4},"end":{"line":159,"column":5}},"69":{"start":{"line":158,"column":8},"end":{"line":158,"column":38}},"70":{"start":{"line":161,"column":4},"end":{"line":161,"column":33}},"71":{"start":{"line":161,"column":14},"end":{"line":161,"column":33}},"72":{"start":{"line":162,"column":4},"end":{"line":162,"column":48}},"73":{"start":{"line":162,"column":19},"end":{"line":162,"column":48}},"74":{"start":{"line":163,"column":4},"end":{"line":163,"column":51}},"75":{"start":{"line":163,"column":20},"end":{"line":163,"column":51}},"76":{"start":{"line":164,"column":4},"end":{"line":164,"column":66}},"77":{"start":{"line":164,"column":25},"end":{"line":164,"column":66}},"78":{"start":{"line":166,"column":4},"end":{"line":166,"column":76}},"79":{"start":{"line":166,"column":24},"end":{"line":166,"column":76}},"80":{"start":{"line":169,"column":4},"end":{"line":171,"column":5}},"81":{"start":{"line":170,"column":8},"end":{"line":170,"column":63}},"82":{"start":{"line":174,"column":4},"end":{"line":178,"column":5}},"83":{"start":{"line":175,"column":8},"end":{"line":175,"column":56}},"84":{"start":{"line":176,"column":8},"end":{"line":176,"column":43}},"85":{"start":{"line":176,"column":26},"end":{"line":176,"column":43}},"86":{"start":{"line":177,"column":8},"end":{"line":177,"column":80}},"87":{"start":{"line":180,"column":4},"end":{"line":184,"column":5}},"88":{"start":{"line":181,"column":8},"end":{"line":181,"column":30}},"89":{"start":{"line":182,"column":8},"end":{"line":182,"column":71}},"90":{"start":{"line":182,"column":25},"end":{"line":182,"column":71}},"91":{"start":{"line":183,"column":8},"end":{"line":183,"column":103}},"92":{"start":{"line":183,"column":23},"end":{"line":183,"column":103}},"93":{"start":{"line":187,"column":4},"end":{"line":190,"column":5}},"94":{"start":{"line":188,"column":24},"end":{"line":188,"column":74}},"95":{"start":{"line":188,"column":49},"end":{"line":188,"column":57}},"96":{"start":{"line":189,"column":8},"end":{"line":189,"column":63}},"97":{"start":{"line":189,"column":32},"end":{"line":189,"column":63}},"98":{"start":{"line":192,"column":4},"end":{"line":214,"column":5}},"99":{"start":{"line":193,"column":25},"end":{"line":193,"column":44}},"100":{"start":{"line":194,"column":28},"end":{"line":194,"column":110}},"101":{"start":{"line":195,"column":22},"end":{"line":195,"column":51}},"102":{"start":{"line":195,"column":45},"end":{"line":195,"column":50}},"103":{"start":{"line":197,"column":31},"end":{"line":211,"column":7}},"104":{"start":{"line":212,"column":6},"end":{"line":212,"column":41}},"105":{"start":{"line":212,"column":24},"end":{"line":212,"column":41}},"106":{"start":{"line":213,"column":6},"end":{"line":213,"column":41}},"107":{"start":{"line":217,"column":4},"end":{"line":259,"column":5}},"108":{"start":{"line":218,"column":6},"end":{"line":238,"column":7}},"109":{"start":{"line":220,"column":8},"end":{"line":220,"column":38}},"110":{"start":{"line":221,"column":8},"end":{"line":224,"column":9}},"111":{"start":{"line":222,"column":12},"end":{"line":222,"column":47}},"112":{"start":{"line":222,"column":30},"end":{"line":222,"column":47}},"113":{"start":{"line":223,"column":12},"end":{"line":223,"column":41}},"114":{"start":{"line":227,"column":33},"end":{"line":232,"column":9}},"115":{"start":{"line":233,"column":8},"end":{"line":233,"column":43}},"116":{"start":{"line":233,"column":26},"end":{"line":233,"column":43}},"117":{"start":{"line":234,"column":8},"end":{"line":234,"column":43}},"118":{"start":{"line":235,"column":8},"end":{"line":237,"column":9}},"119":{"start":{"line":236,"column":12},"end":{"line":236,"column":41}},"120":{"start":{"line":240,"column":6},"end":{"line":240,"column":41}},"121":{"start":{"line":240,"column":18},"end":{"line":240,"column":41}},"122":{"start":{"line":242,"column":6},"end":{"line":258,"column":7}},"123":{"start":{"line":243,"column":10},"end":{"line":243,"column":45}},"124":{"start":{"line":243,"column":28},"end":{"line":243,"column":45}},"125":{"start":{"line":245,"column":10},"end":{"line":250,"column":13}},"126":{"start":{"line":252,"column":10},"end":{"line":257,"column":13}},"127":{"start":{"line":261,"column":22},"end":{"line":265,"column":30}},"128":{"start":{"line":267,"column":4},"end":{"line":267,"column":24}},"129":{"start":{"line":269,"column":4},"end":{"line":269,"column":54}},"130":{"start":{"line":273,"column":24},"end":{"line":309,"column":1}},"131":{"start":{"line":274,"column":2},"end":{"line":308,"column":3}},"132":{"start":{"line":275,"column":21},"end":{"line":281,"column":54}},"133":{"start":{"line":283,"column":4},"end":{"line":285,"column":5}},"134":{"start":{"line":284,"column":6},"end":{"line":284,"column":69}},"135":{"start":{"line":287,"column":4},"end":{"line":293,"column":5}},"136":{"start":{"line":288,"column":26},"end":{"line":288,"column":85}},"137":{"start":{"line":289,"column":25},"end":{"line":289,"column":134}},"138":{"start":{"line":290,"column":8},"end":{"line":292,"column":9}},"139":{"start":{"line":291,"column":12},"end":{"line":291,"column":70}},"140":{"start":{"line":295,"column":4},"end":{"line":299,"column":5}},"141":{"start":{"line":296,"column":8},"end":{"line":298,"column":9}},"142":{"start":{"line":297,"column":13},"end":{"line":297,"column":85}},"143":{"start":{"line":301,"column":4},"end":{"line":303,"column":5}},"144":{"start":{"line":302,"column":9},"end":{"line":302,"column":90}},"145":{"start":{"line":305,"column":4},"end":{"line":305,"column":23}},"146":{"start":{"line":307,"column":4},"end":{"line":307,"column":54}},"147":{"start":{"line":311,"column":23},"end":{"line":349,"column":1}},"148":{"start":{"line":312,"column":2},"end":{"line":348,"column":3}},"149":{"start":{"line":313,"column":68},"end":{"line":313,"column":76}},"150":{"start":{"line":314,"column":16},"end":{"line":314,"column":54}},"151":{"start":{"line":316,"column":4},"end":{"line":316,"column":85}},"152":{"start":{"line":316,"column":31},"end":{"line":316,"column":85}},"153":{"start":{"line":317,"column":4},"end":{"line":317,"column":111}},"154":{"start":{"line":317,"column":60},"end":{"line":317,"column":111}},"155":{"start":{"line":318,"column":4},"end":{"line":318,"column":171}},"156":{"start":{"line":318,"column":53},"end":{"line":318,"column":171}},"157":{"start":{"line":320,"column":18},"end":{"line":320,"column":20}},"158":{"start":{"line":321,"column":4},"end":{"line":321,"column":83}},"159":{"start":{"line":321,"column":40},"end":{"line":321,"column":62}},"160":{"start":{"line":321,"column":63},"end":{"line":321,"column":81}},"161":{"start":{"line":322,"column":4},"end":{"line":322,"column":137}},"162":{"start":{"line":322,"column":75},"end":{"line":322,"column":102}},"163":{"start":{"line":322,"column":103},"end":{"line":322,"column":135}},"164":{"start":{"line":323,"column":4},"end":{"line":330,"column":5}},"165":{"start":{"line":324,"column":24},"end":{"line":324,"column":58}},"166":{"start":{"line":325,"column":24},"end":{"line":325,"column":66}},"167":{"start":{"line":326,"column":8},"end":{"line":329,"column":9}},"168":{"start":{"line":327,"column":12},"end":{"line":327,"column":36}},"169":{"start":{"line":328,"column":12},"end":{"line":328,"column":34}},"170":{"start":{"line":331,"column":4},"end":{"line":335,"column":5}},"171":{"start":{"line":332,"column":24},"end":{"line":332,"column":151}},"172":{"start":{"line":332,"column":118},"end":{"line":332,"column":134}},"173":{"start":{"line":333,"column":8},"end":{"line":333,"column":27}},"174":{"start":{"line":334,"column":8},"end":{"line":334,"column":29}},"175":{"start":{"line":336,"column":4},"end":{"line":339,"column":5}},"176":{"start":{"line":337,"column":8},"end":{"line":337,"column":46}},"177":{"start":{"line":338,"column":8},"end":{"line":338,"column":41}},"178":{"start":{"line":341,"column":4},"end":{"line":341,"column":21}},"179":{"start":{"line":342,"column":4},"end":{"line":344,"column":5}},"180":{"start":{"line":343,"column":8},"end":{"line":343,"column":115}},"181":{"start":{"line":345,"column":4},"end":{"line":345,"column":18}},"182":{"start":{"line":347,"column":4},"end":{"line":347,"column":54}},"183":{"start":{"line":351,"column":19},"end":{"line":381,"column":1}},"184":{"start":{"line":352,"column":2},"end":{"line":380,"column":3}},"185":{"start":{"line":353,"column":24},"end":{"line":353,"column":32}},"186":{"start":{"line":354,"column":4},"end":{"line":354,"column":93}},"187":{"start":{"line":354,"column":18},"end":{"line":354,"column":93}},"188":{"start":{"line":356,"column":16},"end":{"line":356,"column":54}},"189":{"start":{"line":357,"column":4},"end":{"line":357,"column":85}},"190":{"start":{"line":357,"column":31},"end":{"line":357,"column":85}},"191":{"start":{"line":359,"column":4},"end":{"line":359,"column":150}},"192":{"start":{"line":359,"column":92},"end":{"line":359,"column":150}},"193":{"start":{"line":360,"column":4},"end":{"line":368,"column":5}},"194":{"start":{"line":361,"column":27},"end":{"line":364,"column":10}},"195":{"start":{"line":365,"column":8},"end":{"line":367,"column":9}},"196":{"start":{"line":366,"column":12},"end":{"line":366,"column":70}},"197":{"start":{"line":370,"column":4},"end":{"line":370,"column":72}},"198":{"start":{"line":373,"column":4},"end":{"line":375,"column":5}},"199":{"start":{"line":374,"column":8},"end":{"line":374,"column":153}},"200":{"start":{"line":377,"column":4},"end":{"line":377,"column":45}},"201":{"start":{"line":379,"column":4},"end":{"line":379,"column":54}},"202":{"start":{"line":383,"column":23},"end":{"line":423,"column":1}},"203":{"start":{"line":384,"column":2},"end":{"line":422,"column":3}},"204":{"start":{"line":385,"column":16},"end":{"line":385,"column":54}},"205":{"start":{"line":386,"column":4},"end":{"line":386,"column":85}},"206":{"start":{"line":386,"column":31},"end":{"line":386,"column":85}},"207":{"start":{"line":387,"column":4},"end":{"line":387,"column":111}},"208":{"start":{"line":387,"column":60},"end":{"line":387,"column":111}},"209":{"start":{"line":388,"column":4},"end":{"line":388,"column":112}},"210":{"start":{"line":388,"column":53},"end":{"line":388,"column":112}},"211":{"start":{"line":390,"column":22},"end":{"line":390,"column":32}},"212":{"start":{"line":391,"column":4},"end":{"line":391,"column":31}},"213":{"start":{"line":392,"column":4},"end":{"line":392,"column":21}},"214":{"start":{"line":394,"column":4},"end":{"line":394,"column":151}},"215":{"start":{"line":395,"column":4},"end":{"line":395,"column":117}},"216":{"start":{"line":397,"column":19},"end":{"line":397,"column":91}},"217":{"start":{"line":399,"column":22},"end":{"line":399,"column":130}},"218":{"start":{"line":402,"column":27},"end":{"line":402,"column":79}},"219":{"start":{"line":404,"column":23},"end":{"line":404,"column":37}},"220":{"start":{"line":405,"column":4},"end":{"line":407,"column":5}},"221":{"start":{"line":405,"column":47},"end":{"line":405,"column":97}},"222":{"start":{"line":406,"column":8},"end":{"line":406,"column":40}},"223":{"start":{"line":409,"column":19},"end":{"line":409,"column":97}},"224":{"start":{"line":409,"column":42},"end":{"line":409,"column":78}},"225":{"start":{"line":409,"column":89},"end":{"line":409,"column":96}},"226":{"start":{"line":410,"column":4},"end":{"line":412,"column":5}},"227":{"start":{"line":411,"column":8},"end":{"line":411,"column":350}},"228":{"start":{"line":415,"column":4},"end":{"line":417,"column":5}},"229":{"start":{"line":416,"column":8},"end":{"line":416,"column":163}},"230":{"start":{"line":419,"column":4},"end":{"line":419,"column":18}},"231":{"start":{"line":421,"column":4},"end":{"line":421,"column":54}},"232":{"start":{"line":425,"column":24},"end":{"line":474,"column":1}},"233":{"start":{"line":426,"column":2},"end":{"line":473,"column":3}},"234":{"start":{"line":427,"column":16},"end":{"line":427,"column":54}},"235":{"start":{"line":428,"column":4},"end":{"line":428,"column":85}},"236":{"start":{"line":428,"column":31},"end":{"line":428,"column":85}},"237":{"start":{"line":429,"column":4},"end":{"line":429,"column":111}},"238":{"start":{"line":429,"column":38},"end":{"line":429,"column":111}},"239":{"start":{"line":432,"column":4},"end":{"line":440,"column":5}},"240":{"start":{"line":433,"column":27},"end":{"line":436,"column":10}},"241":{"start":{"line":437,"column":8},"end":{"line":439,"column":9}},"242":{"start":{"line":438,"column":12},"end":{"line":438,"column":107}},"243":{"start":{"line":442,"column":4},"end":{"line":442,"column":30}},"244":{"start":{"line":443,"column":4},"end":{"line":443,"column":32}},"245":{"start":{"line":444,"column":4},"end":{"line":444,"column":21}},"246":{"start":{"line":446,"column":4},"end":{"line":446,"column":154}},"247":{"start":{"line":447,"column":4},"end":{"line":447,"column":179}},"248":{"start":{"line":449,"column":19},"end":{"line":449,"column":91}},"249":{"start":{"line":451,"column":24},"end":{"line":451,"column":133}},"250":{"start":{"line":452,"column":27},"end":{"line":452,"column":80}},"251":{"start":{"line":453,"column":23},"end":{"line":453,"column":39}},"252":{"start":{"line":454,"column":4},"end":{"line":456,"column":5}},"253":{"start":{"line":454,"column":49},"end":{"line":454,"column":99}},"254":{"start":{"line":455,"column":8},"end":{"line":455,"column":40}},"255":{"start":{"line":458,"column":19},"end":{"line":458,"column":97}},"256":{"start":{"line":458,"column":42},"end":{"line":458,"column":78}},"257":{"start":{"line":458,"column":89},"end":{"line":458,"column":96}},"258":{"start":{"line":459,"column":4},"end":{"line":461,"column":5}},"259":{"start":{"line":460,"column":8},"end":{"line":460,"column":373}},"260":{"start":{"line":463,"column":4},"end":{"line":465,"column":5}},"261":{"start":{"line":464,"column":8},"end":{"line":464,"column":155}},"262":{"start":{"line":468,"column":4},"end":{"line":468,"column":164}},"263":{"start":{"line":470,"column":4},"end":{"line":470,"column":18}},"264":{"start":{"line":472,"column":4},"end":{"line":472,"column":54}},"265":{"start":{"line":476,"column":23},"end":{"line":523,"column":1}},"266":{"start":{"line":477,"column":2},"end":{"line":522,"column":3}},"267":{"start":{"line":478,"column":24},"end":{"line":478,"column":32}},"268":{"start":{"line":479,"column":4},"end":{"line":479,"column":92}},"269":{"start":{"line":479,"column":18},"end":{"line":479,"column":92}},"270":{"start":{"line":481,"column":16},"end":{"line":481,"column":54}},"271":{"start":{"line":482,"column":4},"end":{"line":482,"column":85}},"272":{"start":{"line":482,"column":31},"end":{"line":482,"column":85}},"273":{"start":{"line":483,"column":4},"end":{"line":483,"column":148}},"274":{"start":{"line":483,"column":61},"end":{"line":483,"column":148}},"275":{"start":{"line":484,"column":4},"end":{"line":492,"column":5}},"276":{"start":{"line":485,"column":27},"end":{"line":488,"column":10}},"277":{"start":{"line":489,"column":8},"end":{"line":491,"column":9}},"278":{"start":{"line":490,"column":12},"end":{"line":490,"column":105}},"279":{"start":{"line":494,"column":22},"end":{"line":494,"column":32}},"280":{"start":{"line":495,"column":4},"end":{"line":495,"column":28}},"281":{"start":{"line":497,"column":4},"end":{"line":497,"column":65}},"282":{"start":{"line":497,"column":37},"end":{"line":497,"column":65}},"283":{"start":{"line":498,"column":4},"end":{"line":498,"column":65}},"284":{"start":{"line":498,"column":36},"end":{"line":498,"column":65}},"285":{"start":{"line":500,"column":4},"end":{"line":500,"column":21}},"286":{"start":{"line":502,"column":29},"end":{"line":502,"column":117}},"287":{"start":{"line":503,"column":24},"end":{"line":503,"column":95}},"288":{"start":{"line":505,"column":4},"end":{"line":505,"column":152}},"289":{"start":{"line":506,"column":4},"end":{"line":506,"column":123}},"290":{"start":{"line":508,"column":19},"end":{"line":508,"column":91}},"291":{"start":{"line":510,"column":4},"end":{"line":512,"column":5}},"292":{"start":{"line":511,"column":8},"end":{"line":511,"column":443}},"293":{"start":{"line":515,"column":4},"end":{"line":517,"column":5}},"294":{"start":{"line":516,"column":8},"end":{"line":516,"column":171}},"295":{"start":{"line":519,"column":4},"end":{"line":519,"column":18}},"296":{"start":{"line":521,"column":4},"end":{"line":521,"column":54}},"297":{"start":{"line":525,"column":21},"end":{"line":569,"column":1}},"298":{"start":{"line":526,"column":2},"end":{"line":568,"column":3}},"299":{"start":{"line":527,"column":16},"end":{"line":527,"column":54}},"300":{"start":{"line":528,"column":4},"end":{"line":528,"column":85}},"301":{"start":{"line":528,"column":31},"end":{"line":528,"column":85}},"302":{"start":{"line":529,"column":4},"end":{"line":529,"column":115}},"303":{"start":{"line":529,"column":37},"end":{"line":529,"column":115}},"304":{"start":{"line":530,"column":4},"end":{"line":538,"column":5}},"305":{"start":{"line":531,"column":27},"end":{"line":534,"column":10}},"306":{"start":{"line":535,"column":8},"end":{"line":537,"column":9}},"307":{"start":{"line":536,"column":12},"end":{"line":536,"column":107}},"308":{"start":{"line":540,"column":4},"end":{"line":540,"column":26}},"309":{"start":{"line":541,"column":4},"end":{"line":541,"column":33}},"310":{"start":{"line":542,"column":4},"end":{"line":542,"column":21}},"311":{"start":{"line":544,"column":4},"end":{"line":544,"column":146}},"312":{"start":{"line":545,"column":4},"end":{"line":545,"column":141}},"313":{"start":{"line":547,"column":19},"end":{"line":547,"column":91}},"314":{"start":{"line":549,"column":29},"end":{"line":549,"column":174}},"315":{"start":{"line":550,"column":4},"end":{"line":552,"column":5}},"316":{"start":{"line":551,"column":8},"end":{"line":551,"column":358}},"317":{"start":{"line":553,"column":4},"end":{"line":555,"column":5}},"318":{"start":{"line":554,"column":8},"end":{"line":554,"column":422}},"319":{"start":{"line":558,"column":4},"end":{"line":560,"column":5}},"320":{"start":{"line":559,"column":8},"end":{"line":559,"column":166}},"321":{"start":{"line":561,"column":4},"end":{"line":563,"column":5}},"322":{"start":{"line":562,"column":8},"end":{"line":562,"column":170}},"323":{"start":{"line":565,"column":4},"end":{"line":565,"column":18}},"324":{"start":{"line":567,"column":4},"end":{"line":567,"column":54}},"325":{"start":{"line":571,"column":24},"end":{"line":597,"column":1}},"326":{"start":{"line":572,"column":2},"end":{"line":596,"column":3}},"327":{"start":{"line":573,"column":16},"end":{"line":573,"column":54}},"328":{"start":{"line":574,"column":4},"end":{"line":574,"column":85}},"329":{"start":{"line":574,"column":31},"end":{"line":574,"column":85}},"330":{"start":{"line":575,"column":4},"end":{"line":575,"column":107}},"331":{"start":{"line":575,"column":33},"end":{"line":575,"column":107}},"332":{"start":{"line":577,"column":4},"end":{"line":577,"column":28}},"333":{"start":{"line":578,"column":4},"end":{"line":578,"column":21}},"334":{"start":{"line":580,"column":4},"end":{"line":580,"column":113}},"335":{"start":{"line":582,"column":19},"end":{"line":582,"column":91}},"336":{"start":{"line":583,"column":29},"end":{"line":583,"column":108}},"337":{"start":{"line":585,"column":4},"end":{"line":587,"column":5}},"338":{"start":{"line":586,"column":8},"end":{"line":586,"column":394}},"339":{"start":{"line":589,"column":4},"end":{"line":591,"column":5}},"340":{"start":{"line":590,"column":8},"end":{"line":590,"column":158}},"341":{"start":{"line":593,"column":4},"end":{"line":593,"column":18}},"342":{"start":{"line":595,"column":4},"end":{"line":595,"column":54}},"343":{"start":{"line":599,"column":20},"end":{"line":639,"column":1}},"344":{"start":{"line":600,"column":2},"end":{"line":638,"column":3}},"345":{"start":{"line":601,"column":16},"end":{"line":601,"column":54}},"346":{"start":{"line":602,"column":4},"end":{"line":602,"column":85}},"347":{"start":{"line":602,"column":31},"end":{"line":602,"column":85}},"348":{"start":{"line":603,"column":4},"end":{"line":603,"column":111}},"349":{"start":{"line":603,"column":60},"end":{"line":603,"column":111}},"350":{"start":{"line":604,"column":4},"end":{"line":604,"column":131}},"351":{"start":{"line":604,"column":53},"end":{"line":604,"column":131}},"352":{"start":{"line":606,"column":4},"end":{"line":634,"column":5}},"353":{"start":{"line":607,"column":21},"end":{"line":607,"column":45}},"354":{"start":{"line":608,"column":6},"end":{"line":608,"column":55}},"355":{"start":{"line":608,"column":21},"end":{"line":608,"column":55}},"356":{"start":{"line":609,"column":6},"end":{"line":611,"column":7}},"357":{"start":{"line":610,"column":10},"end":{"line":610,"column":155}},"358":{"start":{"line":613,"column":23},"end":{"line":620,"column":9}},"359":{"start":{"line":613,"column":43},"end":{"line":620,"column":7}},"360":{"start":{"line":621,"column":6},"end":{"line":621,"column":34}},"361":{"start":{"line":622,"column":6},"end":{"line":622,"column":23}},"362":{"start":{"line":623,"column":6},"end":{"line":623,"column":115}},"363":{"start":{"line":626,"column":6},"end":{"line":633,"column":25}},"364":{"start":{"line":627,"column":10},"end":{"line":632,"column":11}},"365":{"start":{"line":628,"column":14},"end":{"line":631,"column":33}},"366":{"start":{"line":629,"column":18},"end":{"line":629,"column":72}},"367":{"start":{"line":630,"column":18},"end":{"line":630,"column":43}},"368":{"start":{"line":635,"column":4},"end":{"line":635,"column":18}},"369":{"start":{"line":637,"column":4},"end":{"line":637,"column":54}},"370":{"start":{"line":642,"column":20},"end":{"line":689,"column":1}},"371":{"start":{"line":643,"column":4},"end":{"line":688,"column":5}},"372":{"start":{"line":644,"column":20},"end":{"line":644,"column":58}},"373":{"start":{"line":645,"column":8},"end":{"line":645,"column":89}},"374":{"start":{"line":645,"column":35},"end":{"line":645,"column":89}},"375":{"start":{"line":646,"column":8},"end":{"line":646,"column":115}},"376":{"start":{"line":646,"column":64},"end":{"line":646,"column":115}},"377":{"start":{"line":647,"column":8},"end":{"line":647,"column":136}},"378":{"start":{"line":647,"column":57},"end":{"line":647,"column":136}},"379":{"start":{"line":649,"column":26},"end":{"line":649,"column":90}},"380":{"start":{"line":649,"column":51},"end":{"line":649,"column":89}},"381":{"start":{"line":650,"column":8},"end":{"line":650,"column":89}},"382":{"start":{"line":650,"column":30},"end":{"line":650,"column":89}},"383":{"start":{"line":651,"column":8},"end":{"line":651,"column":111}},"384":{"start":{"line":651,"column":50},"end":{"line":651,"column":111}},"385":{"start":{"line":653,"column":24},"end":{"line":653,"column":44}},"386":{"start":{"line":654,"column":27},"end":{"line":654,"column":53}},"387":{"start":{"line":657,"column":8},"end":{"line":667,"column":11}},"388":{"start":{"line":670,"column":18},"end":{"line":670,"column":30}},"389":{"start":{"line":671,"column":8},"end":{"line":680,"column":10}},"390":{"start":{"line":682,"column":8},"end":{"line":682,"column":25}},"391":{"start":{"line":683,"column":8},"end":{"line":683,"column":167}},"392":{"start":{"line":685,"column":8},"end":{"line":685,"column":22}},"393":{"start":{"line":687,"column":8},"end":{"line":687,"column":58}},"394":{"start":{"line":692,"column":28},"end":{"line":724,"column":1}},"395":{"start":{"line":693,"column":4},"end":{"line":723,"column":5}},"396":{"start":{"line":694,"column":20},"end":{"line":694,"column":58}},"397":{"start":{"line":695,"column":8},"end":{"line":695,"column":89}},"398":{"start":{"line":695,"column":35},"end":{"line":695,"column":89}},"399":{"start":{"line":697,"column":8},"end":{"line":699,"column":9}},"400":{"start":{"line":698,"column":12},"end":{"line":698,"column":63}},"401":{"start":{"line":701,"column":30},"end":{"line":701,"column":38}},"402":{"start":{"line":702,"column":8},"end":{"line":702,"column":87}},"403":{"start":{"line":702,"column":24},"end":{"line":702,"column":87}},"404":{"start":{"line":704,"column":24},"end":{"line":704,"column":58}},"405":{"start":{"line":705,"column":8},"end":{"line":705,"column":114}},"406":{"start":{"line":705,"column":43},"end":{"line":705,"column":114}},"407":{"start":{"line":708,"column":8},"end":{"line":711,"column":9}},"408":{"start":{"line":709,"column":12},"end":{"line":709,"column":49}},"409":{"start":{"line":710,"column":12},"end":{"line":710,"column":29}},"410":{"start":{"line":712,"column":8},"end":{"line":715,"column":9}},"411":{"start":{"line":713,"column":12},"end":{"line":713,"column":51}},"412":{"start":{"line":714,"column":12},"end":{"line":714,"column":33}},"413":{"start":{"line":717,"column":8},"end":{"line":717,"column":122}},"414":{"start":{"line":718,"column":8},"end":{"line":718,"column":122}},"415":{"start":{"line":720,"column":8},"end":{"line":720,"column":22}},"416":{"start":{"line":722,"column":8},"end":{"line":722,"column":58}},"417":{"start":{"line":726,"column":30},"end":{"line":755,"column":1}},"418":{"start":{"line":727,"column":4},"end":{"line":754,"column":5}},"419":{"start":{"line":728,"column":20},"end":{"line":728,"column":58}},"420":{"start":{"line":729,"column":8},"end":{"line":729,"column":89}},"421":{"start":{"line":729,"column":35},"end":{"line":729,"column":89}},"422":{"start":{"line":731,"column":8},"end":{"line":733,"column":9}},"423":{"start":{"line":732,"column":12},"end":{"line":732,"column":63}},"424":{"start":{"line":735,"column":26},"end":{"line":735,"column":46}},"425":{"start":{"line":736,"column":8},"end":{"line":736,"column":94}},"426":{"start":{"line":736,"column":65},"end":{"line":736,"column":92}},"427":{"start":{"line":737,"column":8},"end":{"line":737,"column":25}},"428":{"start":{"line":740,"column":24},"end":{"line":740,"column":58}},"429":{"start":{"line":741,"column":8},"end":{"line":744,"column":9}},"430":{"start":{"line":742,"column":12},"end":{"line":742,"column":115}},"431":{"start":{"line":742,"column":77},"end":{"line":742,"column":113}},"432":{"start":{"line":743,"column":12},"end":{"line":743,"column":33}},"433":{"start":{"line":746,"column":8},"end":{"line":746,"column":152}},"434":{"start":{"line":747,"column":8},"end":{"line":749,"column":9}},"435":{"start":{"line":748,"column":12},"end":{"line":748,"column":134}},"436":{"start":{"line":751,"column":8},"end":{"line":751,"column":22}},"437":{"start":{"line":753,"column":8},"end":{"line":753,"column":58}},"438":{"start":{"line":758,"column":19},"end":{"line":818,"column":1}},"439":{"start":{"line":759,"column":4},"end":{"line":817,"column":5}},"440":{"start":{"line":760,"column":40},"end":{"line":760,"column":48}},"441":{"start":{"line":761,"column":8},"end":{"line":763,"column":9}},"442":{"start":{"line":762,"column":12},"end":{"line":762,"column":83}},"443":{"start":{"line":764,"column":8},"end":{"line":766,"column":9}},"444":{"start":{"line":765,"column":12},"end":{"line":765,"column":86}},"445":{"start":{"line":768,"column":24},"end":{"line":768,"column":61}},"446":{"start":{"line":770,"column":8},"end":{"line":812,"column":9}},"447":{"start":{"line":771,"column":12},"end":{"line":811,"column":13}},"448":{"start":{"line":772,"column":28},"end":{"line":772,"column":58}},"449":{"start":{"line":773,"column":16},"end":{"line":777,"column":17}},"450":{"start":{"line":774,"column":20},"end":{"line":774,"column":37}},"451":{"start":{"line":775,"column":20},"end":{"line":775,"column":75}},"452":{"start":{"line":776,"column":20},"end":{"line":776,"column":29}},"453":{"start":{"line":779,"column":16},"end":{"line":807,"column":17}},"454":{"start":{"line":781,"column":24},"end":{"line":785,"column":25}},"455":{"start":{"line":782,"column":28},"end":{"line":782,"column":45}},"456":{"start":{"line":783,"column":28},"end":{"line":783,"column":97}},"457":{"start":{"line":784,"column":28},"end":{"line":784,"column":37}},"458":{"start":{"line":786,"column":42},"end":{"line":786,"column":52}},"459":{"start":{"line":787,"column":24},"end":{"line":787,"column":51}},"460":{"start":{"line":788,"column":24},"end":{"line":788,"column":41}},"461":{"start":{"line":789,"column":24},"end":{"line":789,"column":137}},"462":{"start":{"line":790,"column":24},"end":{"line":790,"column":42}},"463":{"start":{"line":791,"column":24},"end":{"line":791,"column":30}},"464":{"start":{"line":794,"column":24},"end":{"line":798,"column":25}},"465":{"start":{"line":795,"column":28},"end":{"line":795,"column":45}},"466":{"start":{"line":796,"column":28},"end":{"line":796,"column":100}},"467":{"start":{"line":797,"column":28},"end":{"line":797,"column":37}},"468":{"start":{"line":799,"column":24},"end":{"line":799,"column":45}},"469":{"start":{"line":800,"column":24},"end":{"line":800,"column":41}},"470":{"start":{"line":801,"column":24},"end":{"line":801,"column":78}},"471":{"start":{"line":802,"column":24},"end":{"line":802,"column":42}},"472":{"start":{"line":803,"column":24},"end":{"line":803,"column":30}},"473":{"start":{"line":806,"column":24},"end":{"line":806,"column":94}},"474":{"start":{"line":809,"column":16},"end":{"line":809,"column":33}},"475":{"start":{"line":810,"column":16},"end":{"line":810,"column":71}},"476":{"start":{"line":814,"column":8},"end":{"line":814,"column":26}},"477":{"start":{"line":816,"column":8},"end":{"line":816,"column":58}},"478":{"start":{"line":820,"column":25},"end":{"line":836,"column":1}},"479":{"start":{"line":821,"column":4},"end":{"line":835,"column":5}},"480":{"start":{"line":822,"column":20},"end":{"line":822,"column":58}},"481":{"start":{"line":823,"column":8},"end":{"line":823,"column":89}},"482":{"start":{"line":823,"column":35},"end":{"line":823,"column":89}},"483":{"start":{"line":825,"column":8},"end":{"line":827,"column":9}},"484":{"start":{"line":826,"column":12},"end":{"line":826,"column":70}},"485":{"start":{"line":829,"column":21},"end":{"line":831,"column":36}},"486":{"start":{"line":832,"column":8},"end":{"line":832,"column":23}},"487":{"start":{"line":834,"column":8},"end":{"line":834,"column":58}},"488":{"start":{"line":838,"column":23},"end":{"line":855,"column":1}},"489":{"start":{"line":839,"column":4},"end":{"line":854,"column":5}},"490":{"start":{"line":840,"column":20},"end":{"line":840,"column":58}},"491":{"start":{"line":841,"column":8},"end":{"line":841,"column":89}},"492":{"start":{"line":841,"column":35},"end":{"line":841,"column":89}},"493":{"start":{"line":843,"column":8},"end":{"line":845,"column":9}},"494":{"start":{"line":844,"column":12},"end":{"line":844,"column":83}},"495":{"start":{"line":847,"column":8},"end":{"line":847,"column":29}},"496":{"start":{"line":848,"column":8},"end":{"line":848,"column":25}},"497":{"start":{"line":850,"column":8},"end":{"line":850,"column":62}},"498":{"start":{"line":851,"column":8},"end":{"line":851,"column":63}},"499":{"start":{"line":853,"column":8},"end":{"line":853,"column":58}},"500":{"start":{"line":857,"column":19},"end":{"line":881,"column":1}},"501":{"start":{"line":858,"column":4},"end":{"line":880,"column":5}},"502":{"start":{"line":859,"column":20},"end":{"line":859,"column":58}},"503":{"start":{"line":860,"column":8},"end":{"line":860,"column":98}},"504":{"start":{"line":860,"column":35},"end":{"line":860,"column":98}},"505":{"start":{"line":862,"column":8},"end":{"line":864,"column":9}},"506":{"start":{"line":863,"column":12},"end":{"line":863,"column":70}},"507":{"start":{"line":865,"column":8},"end":{"line":867,"column":9}},"508":{"start":{"line":866,"column":12},"end":{"line":866,"column":90}},"509":{"start":{"line":869,"column":26},"end":{"line":869,"column":90}},"510":{"start":{"line":869,"column":51},"end":{"line":869,"column":89}},"511":{"start":{"line":870,"column":8},"end":{"line":870,"column":89}},"512":{"start":{"line":870,"column":30},"end":{"line":870,"column":89}},"513":{"start":{"line":872,"column":25},"end":{"line":872,"column":58}},"514":{"start":{"line":873,"column":8},"end":{"line":873,"column":39}},"515":{"start":{"line":874,"column":8},"end":{"line":874,"column":25}},"516":{"start":{"line":876,"column":8},"end":{"line":876,"column":110}},"517":{"start":{"line":877,"column":8},"end":{"line":877,"column":59}},"518":{"start":{"line":879,"column":8},"end":{"line":879,"column":58}},"519":{"start":{"line":883,"column":21},"end":{"line":920,"column":1}},"520":{"start":{"line":884,"column":4},"end":{"line":919,"column":5}},"521":{"start":{"line":885,"column":20},"end":{"line":886,"column":50}},"522":{"start":{"line":888,"column":8},"end":{"line":888,"column":89}},"523":{"start":{"line":888,"column":35},"end":{"line":888,"column":89}},"524":{"start":{"line":891,"column":8},"end":{"line":893,"column":9}},"525":{"start":{"line":892,"column":12},"end":{"line":892,"column":150}},"526":{"start":{"line":895,"column":8},"end":{"line":901,"column":9}},"527":{"start":{"line":896,"column":30},"end":{"line":896,"column":84}},"528":{"start":{"line":897,"column":29},"end":{"line":897,"column":128}},"529":{"start":{"line":898,"column":12},"end":{"line":900,"column":13}},"530":{"start":{"line":899,"column":16},"end":{"line":899,"column":74}},"531":{"start":{"line":903,"column":8},"end":{"line":907,"column":9}},"532":{"start":{"line":904,"column":12},"end":{"line":906,"column":13}},"533":{"start":{"line":905,"column":17},"end":{"line":905,"column":75}},"534":{"start":{"line":909,"column":8},"end":{"line":911,"column":9}},"535":{"start":{"line":910,"column":13},"end":{"line":910,"column":71}},"536":{"start":{"line":913,"column":25},"end":{"line":913,"column":44}},"537":{"start":{"line":914,"column":25},"end":{"line":914,"column":69}},"538":{"start":{"line":916,"column":8},"end":{"line":916,"column":31}},"539":{"start":{"line":918,"column":8},"end":{"line":918,"column":58}},"540":{"start":{"line":922,"column":0},"end":{"line":942,"column":2}}},"fnMap":{"0":{"name":"(anonymous_0)","decl":{"start":{"line":14,"column":20},"end":{"line":14,"column":21}},"loc":{"start":{"line":14,"column":29},"end":{"line":14,"column":71}},"line":14},"1":{"name":"(anonymous_1)","decl":{"start":{"line":16,"column":23},"end":{"line":16,"column":24}},"loc":{"start":{"line":16,"column":75},"end":{"line":25,"column":1}},"line":16},"2":{"name":"(anonymous_2)","decl":{"start":{"line":27,"column":24},"end":{"line":27,"column":25}},"loc":{"start":{"line":27,"column":70},"end":{"line":40,"column":1}},"line":27},"3":{"name":"(anonymous_3)","decl":{"start":{"line":43,"column":27},"end":{"line":43,"column":28}},"loc":{"start":{"line":43,"column":91},"end":{"line":60,"column":1}},"line":43},"4":{"name":"(anonymous_4)","decl":{"start":{"line":63,"column":27},"end":{"line":63,"column":28}},"loc":{"start":{"line":63,"column":55},"end":{"line":73,"column":1}},"line":63},"5":{"name":"(anonymous_5)","decl":{"start":{"line":75,"column":23},"end":{"line":75,"column":24}},"loc":{"start":{"line":75,"column":43},"end":{"line":148,"column":1}},"line":75},"6":{"name":"(anonymous_6)","decl":{"start":{"line":85,"column":44},"end":{"line":85,"column":45}},"loc":{"start":{"line":85,"column":50},"end":{"line":92,"column":5}},"line":85},"7":{"name":"(anonymous_7)","decl":{"start":{"line":106,"column":110},"end":{"line":106,"column":111}},"loc":{"start":{"line":106,"column":115},"end":{"line":106,"column":131}},"line":106},"8":{"name":"(anonymous_8)","decl":{"start":{"line":138,"column":41},"end":{"line":138,"column":42}},"loc":{"start":{"line":138,"column":49},"end":{"line":140,"column":9}},"line":138},"9":{"name":"(anonymous_9)","decl":{"start":{"line":139,"column":92},"end":{"line":139,"column":93}},"loc":{"start":{"line":139,"column":98},"end":{"line":139,"column":100}},"line":139},"10":{"name":"(anonymous_10)","decl":{"start":{"line":140,"column":17},"end":{"line":140,"column":18}},"loc":{"start":{"line":140,"column":23},"end":{"line":140,"column":25}},"line":140},"11":{"name":"(anonymous_11)","decl":{"start":{"line":150,"column":21},"end":{"line":150,"column":22}},"loc":{"start":{"line":150,"column":41},"end":{"line":271,"column":1}},"line":150},"12":{"name":"(anonymous_12)","decl":{"start":{"line":188,"column":44},"end":{"line":188,"column":45}},"loc":{"start":{"line":188,"column":49},"end":{"line":188,"column":57}},"line":188},"13":{"name":"(anonymous_13)","decl":{"start":{"line":195,"column":40},"end":{"line":195,"column":41}},"loc":{"start":{"line":195,"column":45},"end":{"line":195,"column":50}},"line":195},"14":{"name":"(anonymous_14)","decl":{"start":{"line":273,"column":24},"end":{"line":273,"column":25}},"loc":{"start":{"line":273,"column":44},"end":{"line":309,"column":1}},"line":273},"15":{"name":"(anonymous_15)","decl":{"start":{"line":311,"column":23},"end":{"line":311,"column":24}},"loc":{"start":{"line":311,"column":43},"end":{"line":349,"column":1}},"line":311},"16":{"name":"(anonymous_16)","decl":{"start":{"line":332,"column":113},"end":{"line":332,"column":114}},"loc":{"start":{"line":332,"column":118},"end":{"line":332,"column":134}},"line":332},"17":{"name":"(anonymous_17)","decl":{"start":{"line":351,"column":19},"end":{"line":351,"column":20}},"loc":{"start":{"line":351,"column":39},"end":{"line":381,"column":1}},"line":351},"18":{"name":"(anonymous_18)","decl":{"start":{"line":383,"column":23},"end":{"line":383,"column":24}},"loc":{"start":{"line":383,"column":43},"end":{"line":423,"column":1}},"line":383},"19":{"name":"(anonymous_19)","decl":{"start":{"line":405,"column":42},"end":{"line":405,"column":43}},"loc":{"start":{"line":405,"column":47},"end":{"line":405,"column":97}},"line":405},"20":{"name":"(anonymous_20)","decl":{"start":{"line":409,"column":37},"end":{"line":409,"column":38}},"loc":{"start":{"line":409,"column":42},"end":{"line":409,"column":78}},"line":409},"21":{"name":"(anonymous_21)","decl":{"start":{"line":409,"column":84},"end":{"line":409,"column":85}},"loc":{"start":{"line":409,"column":89},"end":{"line":409,"column":96}},"line":409},"22":{"name":"(anonymous_22)","decl":{"start":{"line":425,"column":24},"end":{"line":425,"column":25}},"loc":{"start":{"line":425,"column":44},"end":{"line":474,"column":1}},"line":425},"23":{"name":"(anonymous_23)","decl":{"start":{"line":454,"column":44},"end":{"line":454,"column":45}},"loc":{"start":{"line":454,"column":49},"end":{"line":454,"column":99}},"line":454},"24":{"name":"(anonymous_24)","decl":{"start":{"line":458,"column":37},"end":{"line":458,"column":38}},"loc":{"start":{"line":458,"column":42},"end":{"line":458,"column":78}},"line":458},"25":{"name":"(anonymous_25)","decl":{"start":{"line":458,"column":84},"end":{"line":458,"column":85}},"loc":{"start":{"line":458,"column":89},"end":{"line":458,"column":96}},"line":458},"26":{"name":"(anonymous_26)","decl":{"start":{"line":476,"column":23},"end":{"line":476,"column":24}},"loc":{"start":{"line":476,"column":43},"end":{"line":523,"column":1}},"line":476},"27":{"name":"(anonymous_27)","decl":{"start":{"line":525,"column":21},"end":{"line":525,"column":22}},"loc":{"start":{"line":525,"column":41},"end":{"line":569,"column":1}},"line":525},"28":{"name":"(anonymous_28)","decl":{"start":{"line":571,"column":24},"end":{"line":571,"column":25}},"loc":{"start":{"line":571,"column":44},"end":{"line":597,"column":1}},"line":571},"29":{"name":"(anonymous_29)","decl":{"start":{"line":599,"column":20},"end":{"line":599,"column":21}},"loc":{"start":{"line":599,"column":40},"end":{"line":639,"column":1}},"line":599},"30":{"name":"(anonymous_30)","decl":{"start":{"line":613,"column":37},"end":{"line":613,"column":38}},"loc":{"start":{"line":613,"column":43},"end":{"line":620,"column":7}},"line":613},"31":{"name":"(anonymous_31)","decl":{"start":{"line":626,"column":42},"end":{"line":626,"column":43}},"loc":{"start":{"line":626,"column":50},"end":{"line":633,"column":7}},"line":626},"32":{"name":"(anonymous_32)","decl":{"start":{"line":628,"column":69},"end":{"line":628,"column":70}},"loc":{"start":{"line":628,"column":74},"end":{"line":631,"column":15}},"line":628},"33":{"name":"(anonymous_33)","decl":{"start":{"line":630,"column":33},"end":{"line":630,"column":34}},"loc":{"start":{"line":630,"column":39},"end":{"line":630,"column":41}},"line":630},"34":{"name":"(anonymous_34)","decl":{"start":{"line":631,"column":23},"end":{"line":631,"column":24}},"loc":{"start":{"line":631,"column":29},"end":{"line":631,"column":31}},"line":631},"35":{"name":"(anonymous_35)","decl":{"start":{"line":633,"column":15},"end":{"line":633,"column":16}},"loc":{"start":{"line":633,"column":21},"end":{"line":633,"column":23}},"line":633},"36":{"name":"(anonymous_36)","decl":{"start":{"line":642,"column":20},"end":{"line":642,"column":21}},"loc":{"start":{"line":642,"column":40},"end":{"line":689,"column":1}},"line":642},"37":{"name":"(anonymous_37)","decl":{"start":{"line":649,"column":46},"end":{"line":649,"column":47}},"loc":{"start":{"line":649,"column":51},"end":{"line":649,"column":89}},"line":649},"38":{"name":"(anonymous_38)","decl":{"start":{"line":692,"column":28},"end":{"line":692,"column":29}},"loc":{"start":{"line":692,"column":48},"end":{"line":724,"column":1}},"line":692},"39":{"name":"(anonymous_39)","decl":{"start":{"line":726,"column":30},"end":{"line":726,"column":31}},"loc":{"start":{"line":726,"column":50},"end":{"line":755,"column":1}},"line":726},"40":{"name":"(anonymous_40)","decl":{"start":{"line":736,"column":59},"end":{"line":736,"column":60}},"loc":{"start":{"line":736,"column":65},"end":{"line":736,"column":92}},"line":736},"41":{"name":"(anonymous_41)","decl":{"start":{"line":742,"column":71},"end":{"line":742,"column":72}},"loc":{"start":{"line":742,"column":77},"end":{"line":742,"column":113}},"line":742},"42":{"name":"(anonymous_42)","decl":{"start":{"line":758,"column":19},"end":{"line":758,"column":20}},"loc":{"start":{"line":758,"column":39},"end":{"line":818,"column":1}},"line":758},"43":{"name":"(anonymous_43)","decl":{"start":{"line":820,"column":25},"end":{"line":820,"column":26}},"loc":{"start":{"line":820,"column":45},"end":{"line":836,"column":1}},"line":820},"44":{"name":"(anonymous_44)","decl":{"start":{"line":838,"column":23},"end":{"line":838,"column":24}},"loc":{"start":{"line":838,"column":43},"end":{"line":855,"column":1}},"line":838},"45":{"name":"(anonymous_45)","decl":{"start":{"line":857,"column":19},"end":{"line":857,"column":20}},"loc":{"start":{"line":857,"column":39},"end":{"line":881,"column":1}},"line":857},"46":{"name":"(anonymous_46)","decl":{"start":{"line":869,"column":46},"end":{"line":869,"column":47}},"loc":{"start":{"line":869,"column":51},"end":{"line":869,"column":89}},"line":869},"47":{"name":"(anonymous_47)","decl":{"start":{"line":883,"column":21},"end":{"line":883,"column":22}},"loc":{"start":{"line":883,"column":41},"end":{"line":920,"column":1}},"line":883}},"branchMap":{"0":{"loc":{"start":{"line":16,"column":58},"end":{"line":16,"column":70}},"type":"default-arg","locations":[{"start":{"line":16,"column":68},"end":{"line":16,"column":70}}],"line":16},"1":{"loc":{"start":{"line":43,"column":69},"end":{"line":43,"column":86}},"type":"default-arg","locations":[{"start":{"line":43,"column":82},"end":{"line":43,"column":86}}],"line":43},"2":{"loc":{"start":{"line":72,"column":11},"end":{"line":72,"column":50}},"type":"cond-expr","locations":[{"start":{"line":72,"column":24},"end":{"line":72,"column":43}},{"start":{"line":72,"column":46},"end":{"line":72,"column":50}}],"line":72},"3":{"loc":{"start":{"line":80,"column":4},"end":{"line":80,"column":53}},"type":"if","locations":[{"start":{"line":80,"column":4},"end":{"line":80,"column":53}},{"start":{},"end":{}}],"line":80},"4":{"loc":{"start":{"line":81,"column":4},"end":{"line":83,"column":5}},"type":"if","locations":[{"start":{"line":81,"column":4},"end":{"line":83,"column":5}},{"start":{},"end":{}}],"line":81},"5":{"loc":{"start":{"line":81,"column":8},"end":{"line":81,"column":63}},"type":"binary-expr","locations":[{"start":{"line":81,"column":8},"end":{"line":81,"column":17}},{"start":{"line":81,"column":21},"end":{"line":81,"column":63}}],"line":81},"6":{"loc":{"start":{"line":85,"column":18},"end":{"line":92,"column":12}},"type":"cond-expr","locations":[{"start":{"line":85,"column":30},"end":{"line":92,"column":7}},{"start":{"line":92,"column":10},"end":{"line":92,"column":12}}],"line":85},"7":{"loc":{"start":{"line":101,"column":23},"end":{"line":101,"column":66}},"type":"binary-expr","locations":[{"start":{"line":101,"column":23},"end":{"line":101,"column":57}},{"start":{"line":101,"column":61},"end":{"line":101,"column":66}}],"line":101},"8":{"loc":{"start":{"line":105,"column":4},"end":{"line":107,"column":5}},"type":"if","locations":[{"start":{"line":105,"column":4},"end":{"line":107,"column":5}},{"start":{},"end":{}}],"line":105},"9":{"loc":{"start":{"line":106,"column":22},"end":{"line":106,"column":104}},"type":"cond-expr","locations":[{"start":{"line":106,"column":44},"end":{"line":106,"column":48}},{"start":{"line":106,"column":52},"end":{"line":106,"column":103}}],"line":106},"10":{"loc":{"start":{"line":106,"column":52},"end":{"line":106,"column":103}},"type":"cond-expr","locations":[{"start":{"line":106,"column":79},"end":{"line":106,"column":94}},{"start":{"line":106,"column":97},"end":{"line":106,"column":103}}],"line":106},"11":{"loc":{"start":{"line":116,"column":22},"end":{"line":116,"column":58}},"type":"binary-expr","locations":[{"start":{"line":116,"column":22},"end":{"line":116,"column":41}},{"start":{"line":116,"column":45},"end":{"line":116,"column":58}}],"line":116},"12":{"loc":{"start":{"line":121,"column":27},"end":{"line":121,"column":56}},"type":"binary-expr","locations":[{"start":{"line":121,"column":27},"end":{"line":121,"column":42}},{"start":{"line":121,"column":46},"end":{"line":121,"column":56}}],"line":121},"13":{"loc":{"start":{"line":125,"column":8},"end":{"line":125,"column":56}},"type":"if","locations":[{"start":{"line":125,"column":8},"end":{"line":125,"column":56}},{"start":{},"end":{}}],"line":125},"14":{"loc":{"start":{"line":125,"column":12},"end":{"line":125,"column":45}},"type":"binary-expr","locations":[{"start":{"line":125,"column":12},"end":{"line":125,"column":30}},{"start":{"line":125,"column":34},"end":{"line":125,"column":45}}],"line":125},"15":{"loc":{"start":{"line":130,"column":4},"end":{"line":132,"column":5}},"type":"if","locations":[{"start":{"line":130,"column":4},"end":{"line":132,"column":5}},{"start":{},"end":{}}],"line":130},"16":{"loc":{"start":{"line":137,"column":4},"end":{"line":141,"column":5}},"type":"if","locations":[{"start":{"line":137,"column":4},"end":{"line":141,"column":5}},{"start":{},"end":{}}],"line":137},"17":{"loc":{"start":{"line":139,"column":12},"end":{"line":139,"column":102}},"type":"if","locations":[{"start":{"line":139,"column":12},"end":{"line":139,"column":102}},{"start":{},"end":{}}],"line":139},"18":{"loc":{"start":{"line":157,"column":4},"end":{"line":159,"column":5}},"type":"if","locations":[{"start":{"line":157,"column":4},"end":{"line":159,"column":5}},{"start":{},"end":{}}],"line":157},"19":{"loc":{"start":{"line":161,"column":4},"end":{"line":161,"column":33}},"type":"if","locations":[{"start":{"line":161,"column":4},"end":{"line":161,"column":33}},{"start":{},"end":{}}],"line":161},"20":{"loc":{"start":{"line":162,"column":4},"end":{"line":162,"column":48}},"type":"if","locations":[{"start":{"line":162,"column":4},"end":{"line":162,"column":48}},{"start":{},"end":{}}],"line":162},"21":{"loc":{"start":{"line":163,"column":4},"end":{"line":163,"column":51}},"type":"if","locations":[{"start":{"line":163,"column":4},"end":{"line":163,"column":51}},{"start":{},"end":{}}],"line":163},"22":{"loc":{"start":{"line":164,"column":4},"end":{"line":164,"column":66}},"type":"if","locations":[{"start":{"line":164,"column":4},"end":{"line":164,"column":66}},{"start":{},"end":{}}],"line":164},"23":{"loc":{"start":{"line":166,"column":4},"end":{"line":166,"column":76}},"type":"if","locations":[{"start":{"line":166,"column":4},"end":{"line":166,"column":76}},{"start":{},"end":{}}],"line":166},"24":{"loc":{"start":{"line":169,"column":4},"end":{"line":171,"column":5}},"type":"if","locations":[{"start":{"line":169,"column":4},"end":{"line":171,"column":5}},{"start":{},"end":{}}],"line":169},"25":{"loc":{"start":{"line":174,"column":4},"end":{"line":178,"column":5}},"type":"if","locations":[{"start":{"line":174,"column":4},"end":{"line":178,"column":5}},{"start":{},"end":{}}],"line":174},"26":{"loc":{"start":{"line":176,"column":8},"end":{"line":176,"column":43}},"type":"if","locations":[{"start":{"line":176,"column":8},"end":{"line":176,"column":43}},{"start":{},"end":{}}],"line":176},"27":{"loc":{"start":{"line":180,"column":4},"end":{"line":184,"column":5}},"type":"if","locations":[{"start":{"line":180,"column":4},"end":{"line":184,"column":5}},{"start":{},"end":{}}],"line":180},"28":{"loc":{"start":{"line":180,"column":8},"end":{"line":180,"column":32}},"type":"binary-expr","locations":[{"start":{"line":180,"column":8},"end":{"line":180,"column":19}},{"start":{"line":180,"column":23},"end":{"line":180,"column":32}}],"line":180},"29":{"loc":{"start":{"line":182,"column":8},"end":{"line":182,"column":71}},"type":"if","locations":[{"start":{"line":182,"column":8},"end":{"line":182,"column":71}},{"start":{},"end":{}}],"line":182},"30":{"loc":{"start":{"line":183,"column":8},"end":{"line":183,"column":103}},"type":"if","locations":[{"start":{"line":183,"column":8},"end":{"line":183,"column":103}},{"start":{},"end":{}}],"line":183},"31":{"loc":{"start":{"line":187,"column":4},"end":{"line":190,"column":5}},"type":"if","locations":[{"start":{"line":187,"column":4},"end":{"line":190,"column":5}},{"start":{},"end":{}}],"line":187},"32":{"loc":{"start":{"line":189,"column":8},"end":{"line":189,"column":63}},"type":"if","locations":[{"start":{"line":189,"column":8},"end":{"line":189,"column":63}},{"start":{},"end":{}}],"line":189},"33":{"loc":{"start":{"line":192,"column":4},"end":{"line":214,"column":5}},"type":"if","locations":[{"start":{"line":192,"column":4},"end":{"line":214,"column":5}},{"start":{},"end":{}}],"line":192},"34":{"loc":{"start":{"line":212,"column":6},"end":{"line":212,"column":41}},"type":"if","locations":[{"start":{"line":212,"column":6},"end":{"line":212,"column":41}},{"start":{},"end":{}}],"line":212},"35":{"loc":{"start":{"line":217,"column":4},"end":{"line":259,"column":5}},"type":"if","locations":[{"start":{"line":217,"column":4},"end":{"line":259,"column":5}},{"start":{"line":239,"column":11},"end":{"line":259,"column":5}}],"line":217},"36":{"loc":{"start":{"line":218,"column":6},"end":{"line":238,"column":7}},"type":"if","locations":[{"start":{"line":218,"column":6},"end":{"line":238,"column":7}},{"start":{"line":225,"column":13},"end":{"line":238,"column":7}}],"line":218},"37":{"loc":{"start":{"line":221,"column":8},"end":{"line":224,"column":9}},"type":"if","locations":[{"start":{"line":221,"column":8},"end":{"line":224,"column":9}},{"start":{},"end":{}}],"line":221},"38":{"loc":{"start":{"line":222,"column":12},"end":{"line":222,"column":47}},"type":"if","locations":[{"start":{"line":222,"column":12},"end":{"line":222,"column":47}},{"start":{},"end":{}}],"line":222},"39":{"loc":{"start":{"line":233,"column":8},"end":{"line":233,"column":43}},"type":"if","locations":[{"start":{"line":233,"column":8},"end":{"line":233,"column":43}},{"start":{},"end":{}}],"line":233},"40":{"loc":{"start":{"line":235,"column":8},"end":{"line":237,"column":9}},"type":"if","locations":[{"start":{"line":235,"column":8},"end":{"line":237,"column":9}},{"start":{},"end":{}}],"line":235},"41":{"loc":{"start":{"line":240,"column":6},"end":{"line":240,"column":41}},"type":"if","locations":[{"start":{"line":240,"column":6},"end":{"line":240,"column":41}},{"start":{},"end":{}}],"line":240},"42":{"loc":{"start":{"line":242,"column":6},"end":{"line":258,"column":7}},"type":"if","locations":[{"start":{"line":242,"column":6},"end":{"line":258,"column":7}},{"start":{},"end":{}}],"line":242},"43":{"loc":{"start":{"line":243,"column":10},"end":{"line":243,"column":45}},"type":"if","locations":[{"start":{"line":243,"column":10},"end":{"line":243,"column":45}},{"start":{},"end":{}}],"line":243},"44":{"loc":{"start":{"line":283,"column":4},"end":{"line":285,"column":5}},"type":"if","locations":[{"start":{"line":283,"column":4},"end":{"line":285,"column":5}},{"start":{},"end":{}}],"line":283},"45":{"
[...]
column":12},"end":{"line":237,"column":108}},"type":"if","locations":[{"start":{"line":237,"column":12},"end":{"line":237,"column":108}},{"start":{},"end":{}}],"line":237},"35":{"loc":{"start":{"line":246,"column":8},"end":{"line":246,"column":132}},"type":"if","locations":[{"start":{"line":246,"column":8},"end":{"line":246,"column":132}},{"start":{},"end":{}}],"line":246},"36":{"loc":{"start":{"line":246,"column":12},"end":{"line":246,"column":66}},"type":"binary-expr","locations":[{"start":{"line":246,"column":12},"end":{"line":246,"column":27}},{"start":{"line":246,"column":31},"end":{"line":246,"column":66}}],"line":246},"37":{"loc":{"start":{"line":247,"column":8},"end":{"line":247,"column":123}},"type":"if","locations":[{"start":{"line":247,"column":8},"end":{"line":247,"column":123}},{"start":{},"end":{}}],"line":247},"38":{"loc":{"start":{"line":247,"column":12},"end":{"line":247,"column":98}},"type":"binary-expr","locations":[{"start":{"line":247,"column":12},"end":{"line":247,"column":47}},{"start":{"line":247,"column":51},"end":{"line":247,"column":98}}],"line":247},"39":{"loc":{"start":{"line":248,"column":8},"end":{"line":248,"column":165}},"type":"if","locations":[{"start":{"line":248,"column":8},"end":{"line":248,"column":165}},{"start":{},"end":{}}],"line":248},"40":{"loc":{"start":{"line":248,"column":12},"end":{"line":248,"column":95}},"type":"binary-expr","locations":[{"start":{"line":248,"column":12},"end":{"line":248,"column":46}},{"start":{"line":248,"column":50},"end":{"line":248,"column":95}}],"line":248},"41":{"loc":{"start":{"line":248,"column":110},"end":{"line":248,"column":163}},"type":"cond-expr","locations":[{"start":{"line":248,"column":133},"end":{"line":248,"column":146}},{"start":{"line":248,"column":149},"end":{"line":248,"column":163}}],"line":248},"42":{"loc":{"start":{"line":249,"column":8},"end":{"line":249,"column":53}},"type":"if","locations":[{"start":{"line":249,"column":8},"end":{"line":249,"column":53}},{"start":{},"end":{}}],"line":249},"43":{"loc":{"start":{"line":257,"column":8},"end":{"line":259,"column":9}},"type":"if","locations":[{"start":{"line":257,"column":8},"end":{"line":259,"column":9}},{"start":{},"end":{}}],"line":257},"44":{"loc":{"start":{"line":262,"column":8},"end":{"line":268,"column":9}},"type":"if","locations":[{"start":{"line":262,"column":8},"end":{"line":268,"column":9}},{"start":{},"end":{}}],"line":262},"45":{"loc":{"start":{"line":264,"column":16},"end":{"line":264,"column":52}},"type":"cond-expr","locations":[{"start":{"line":264,"column":33},"end":{"line":264,"column":41}},{"start":{"line":264,"column":44},"end":{"line":264,"column":52}}],"line":264},"46":{"loc":{"start":{"line":270,"column":8},"end":{"line":276,"column":9}},"type":"if","locations":[{"start":{"line":270,"column":8},"end":{"line":276,"column":9}},{"start":{},"end":{}}],"line":270},"47":{"loc":{"start":{"line":278,"column":8},"end":{"line":278,"column":87}},"type":"if","locations":[{"start":{"line":278,"column":8},"end":{"line":278,"column":87}},{"start":{},"end":{}}],"line":278},"48":{"loc":{"start":{"line":290,"column":8},"end":{"line":292,"column":9}},"type":"if","locations":[{"start":{"line":290,"column":8},"end":{"line":292,"column":9}},{"start":{},"end":{}}],"line":290},"49":{"loc":{"start":{"line":290,"column":12},"end":{"line":290,"column":87}},"type":"binary-expr","locations":[{"start":{"line":290,"column":12},"end":{"line":290,"column":54}},{"start":{"line":290,"column":58},"end":{"line":290,"column":87}}],"line":290},"50":{"loc":{"start":{"line":295,"column":8},"end":{"line":295,"column":93}},"type":"if","locations":[{"start":{"line":295,"column":8},"end":{"line":295,"column":93}},{"start":{},"end":{}}],"line":295},"51":{"loc":{"start":{"line":298,"column":8},"end":{"line":300,"column":9}},"type":"if","locations":[{"start":{"line":298,"column":8},"end":{"line":300,"column":9}},{"start":{},"end":{}}],"line":298},"52":{"loc":{"start":{"line":301,"column":8},"end":{"line":303,"column":9}},"type":"if","locations":[{"start":{"line":301,"column":8},"end":{"line":303,"column":9}},{"start":{},"end":{}}],"line":301},"53":{"loc":{"start":{"line":301,"column":12},"end":{"line":301,"column":122}},"type":"binary-expr","locations":[{"start":{"line":301,"column":12},"end":{"line":301,"column":39}},{"start":{"line":301,"column":43},"end":{"line":301,"column":65}},{"start":{"line":301,"column":69},"end":{"line":301,"column":122}}],"line":301},"54":{"loc":{"start":{"line":306,"column":8},"end":{"line":306,"column":87}},"type":"if","locations":[{"start":{"line":306,"column":8},"end":{"line":306,"column":87}},{"start":{},"end":{}}],"line":306}},"s":{"0":9,"1":9,"2":9,"3":9,"4":9,"5":9,"6":9,"7":9,"8":9,"9":9,"10":3,"11":3,"12":0,"13":9,"14":1,"15":1,"16":1,"17":0,"18":0,"19":0,"20":1,"21":0,"22":1,"23":0,"24":0,"25":0,"26":0,"27":0,"28":1,"29":1,"30":1,"31":1,"32":1,"33":0,"34":0,"35":9,"36":0,"37":0,"38":0,"39":0,"40":0,"41":9,"42":1,"43":1,"44":1,"45":1,"46":1,"47":1,"48":1,"49":1,"50":0,"51":0,"52":9,"53":0,"54":0,"55":0,"56":0,"57":0,"58":0,"59":0,"60":0,"61":9,"62":1,"63":1,"64":1,"65":0,"66":1,"67":1,"68":1,"69":1,"70":1,"71":0,"72":9,"73":1,"74":1,"75":1,"76":0,"77":1,"78":0,"79":1,"80":1,"81":0,"82":0,"83":9,"84":1,"85":1,"86":1,"87":0,"88":1,"89":0,"90":1,"91":1,"92":0,"93":1,"94":1,"95":1,"96":1,"97":1,"98":0,"99":0,"100":9,"101":2,"102":2,"103":2,"104":2,"105":0,"106":2,"107":2,"108":0,"109":2,"110":0,"111":2,"112":0,"113":2,"114":0,"115":2,"116":0,"117":2,"118":2,"119":2,"120":0,"121":0,"122":0,"123":2,"124":2,"125":0,"126":2,"127":2,"128":2,"129":2,"130":1,"131":1,"132":0,"133":1,"134":1,"135":1,"136":1,"137":1,"138":2,"139":0,"140":2,"141":0,"142":2,"143":1,"144":2,"145":0,"146":2,"147":2,"148":2,"149":2,"150":0,"151":2,"152":1,"153":1,"154":1,"155":1,"156":2,"157":0,"158":2,"159":0,"160":0,"161":9,"162":1,"163":1,"164":0,"165":1,"166":1,"167":0,"168":1,"169":1,"170":0,"171":0,"172":0,"173":0,"174":0,"175":0,"176":0,"177":0,"178":0,"179":9},"f":{"0":3,"1":1,"2":0,"3":1,"4":0,"5":1,"6":1,"7":1,"8":2,"9":1},"b":{"0":[0,1],"1":[0,1],"2":[0,1],"3":[1,1],"4":[0,0],"5":[0,0],"6":[0,1],"7":[0,1],"8":[0,0],"9":[0,1],"10":[0,1],"11":[0,1],"12":[0,1],"13":[1,1,1,1],"14":[0,1],"15":[1,0],"16":[0,1],"17":[1,0],"18":[0,2],"19":[2,0],"20":[0,2],"21":[0,2],"22":[2,0],"23":[0,2],"24":[2,0],"25":[0,2],"26":[2,0,0],"27":[0,2],"28":[2,0],"29":[0,2],"30":[0,2],"31":[2,0],"32":[2,1],"33":[1,1],"34":[0,1],"35":[0,2],"36":[2,0],"37":[0,2],"38":[2,0],"39":[1,1],"40":[2,1],"41":[1,0],"42":[0,2],"43":[2,0],"44":[0,2],"45":[0,0],"46":[1,1],"47":[0,2],"48":[0,1],"49":[1,1],"50":[0,1],"51":[1,0],"52":[0,0],"53":[0,0,0],"54":[0,0]},"_coverageSchema":"1a1c01bbd47fc00a2c39e90264f33305004495a9","hash":"5fddfd09d3660820feefb57001d931a8ba1bbf13"}
,"/Users/dzaitsev/diploma/utils/emailService.js": {"path":"/Users/dzaitsev/diploma/utils/emailService.js","statementMap":{"0":{"start":{"line":1,"column":19},"end":{"line":1,"column":40}},"1":{"start":{"line":2,"column":17},"end":{"line":2,"column":46}},"2":{"start":{"line":4,"column":24},"end":{"line":30,"column":1}},"3":{"start":{"line":5,"column":4},"end":{"line":29,"column":5}},"4":{"start":{"line":6,"column":25},"end":{"line":6,"column":49}},"5":{"start":{"line":7,"column":8},"end":{"line":10,"column":9}},"6":{"start":{"line":8,"column":12},"end":{"line":8,"column":84}},"7":{"start":{"line":9,"column":12},"end":{"line":9,"column":19}},"8":{"start":{"line":12,"column":28},"end":{"line":18,"column":10}},"9":{"start":{"line":20,"column":21},"end":{"line":20,"column":85}},"10":{"start":{"line":23,"column":28},"end":{"line":23,"column":66}},"11":{"start":{"line":25,"column":8},"end":{"line":25,"column":77}},"12":{"start":{"line":26,"column":8},"end":{"line":26,"column":68}},"13":{"start":{"line":28,"column":8},"end":{"line":28,"column":65}},"14":{"start":{"line":32,"column":0},"end":{"line":32,"column":37}}},"fnMap":{"0":{"name":"(anonymous_0)","decl":{"start":{"line":4,"column":24},"end":{"line":4,"column":25}},"loc":{"start":{"line":4,"column":53},"end":{"line":30,"column":1}},"line":4}},"branchMap":{"0":{"loc":{"start":{"line":7,"column":8},"end":{"line":10,"column":9}},"type":"if","locations":[{"start":{"line":7,"column":8},"end":{"line":10,"column":9}},{"start":{},"end":{}}],"line":7},"1":{"loc":{"start":{"line":7,"column":12},"end":{"line":7,"column":87}},"type":"binary-expr","locations":[{"start":{"line":7,"column":12},"end":{"line":7,"column":21}},{"start":{"line":7,"column":25},"end":{"line":7,"column":43}},{"start":{"line":7,"column":47},"end":{"line":7,"column":65}},{"start":{"line":7,"column":69},"end":{"line":7,"column":87}}],"line":7},"2":{"loc":{"start":{"line":14,"column":18},"end":{"line":14,"column":42}},"type":"binary-expr","locations":[{"start":{"line":14,"column":18},"end":{"line":14,"column":35}},{"start":{"line":14,"column":39},"end":{"line":14,"column":42}}],"line":14},"3":{"loc":{"start":{"line":20,"column":25},"end":{"line":20,"column":59}},"type":"binary-expr","locations":[{"start":{"line":20,"column":25},"end":{"line":20,"column":42}},{"start":{"line":20,"column":46},"end":{"line":20,"column":59}}],"line":20},"4":{"loc":{"start":{"line":23,"column":28},"end":{"line":23,"column":66}},"type":"cond-expr","locations":[{"start":{"line":23,"column":48},"end":{"line":23,"column":61}},{"start":{"line":23,"column":64},"end":{"line":23,"column":66}}],"line":23}},"s":{"0":9,"1":9,"2":9,"3":7,"4":7,"5":7,"6":5,"7":5,"8":2,"9":2,"10":2,"11":2,"12":2,"13":0,"14":9},"f":{"0":7},"b":{"0":[5,2],"1":[7,2,2,2],"2":[2,2],"3":[2,2],"4":[1,1]},"_coverageSchema":"1a1c01bbd47fc00a2c39e90264f33305004495a9","hash":"294a75dce3545d69a2f9b8b3747707685ccb9d73"}
,"/Users/dzaitsev/diploma/utils/generateToken.js": {"path":"/Users/dzaitsev/diploma/utils/generateToken.js","statementMap":{"0":{"start":{"line":1,"column":12},"end":{"line":1,"column":35}},"1":{"start":{"line":3,"column":22},"end":{"line":7,"column":1}},"2":{"start":{"line":4,"column":2},"end":{"line":6,"column":5}},"3":{"start":{"line":9,"column":0},"end":{"line":9,"column":31}}},"fnMap":{"0":{"name":"(anonymous_0)","decl":{"start":{"line":3,"column":22},"end":{"line":3,"column":23}},"loc":{"start":{"line":3,"column":36},"end":{"line":7,"column":1}},"line":3}},"branchMap":{},"s":{"0":9,"1":9,"2":5,"3":9},"f":{"0":5},"b":{},"_coverageSchema":"1a1c01bbd47fc00a2c39e90264f33305004495a9","hash":"e4d93b9ca48e3d9ba9d693320faa5f2fd6b768b9"}
,"/Users/dzaitsev/diploma/utils/socket.js": {"path":"/Users/dzaitsev/diploma/utils/socket.js","statementMap":{"0":{"start":{"line":2,"column":19},"end":{"line":2,"column":39}},"1":{"start":{"line":5,"column":20},"end":{"line":5,"column":29}},"2":{"start":{"line":7,"column":13},"end":{"line":35,"column":1}},"3":{"start":{"line":8,"column":4},"end":{"line":13,"column":7}},"4":{"start":{"line":15,"column":4},"end":{"line":32,"column":7}},"5":{"start":{"line":16,"column":8},"end":{"line":21,"column":11}},"6":{"start":{"line":17,"column":12},"end":{"line":20,"column":13}},"7":{"start":{"line":18,"column":16},"end":{"line":18,"column":62}},"8":{"start":{"line":19,"column":16},"end":{"line":19,"column":80}},"9":{"start":{"line":23,"column":8},"end":{"line":31,"column":11}},"10":{"start":{"line":24,"column":12},"end":{"line":30,"column":13}},"11":{"start":{"line":25,"column":16},"end":{"line":29,"column":17}},"12":{"start":{"line":26,"column":20},"end":{"line":26,"column":47}},"13":{"start":{"line":27,"column":20},"end":{"line":27,"column":64}},"14":{"start":{"line":28,"column":20},"end":{"line":28,"column":26}},"15":{"start":{"line":34,"column":4},"end":{"line":34,"column":14}},"16":{"start":{"line":37,"column":14},"end":{"line":43,"column":1}},"17":{"start":{"line":38,"column":4},"end":{"line":42,"column":5}},"18":{"start":{"line":39,"column":8},"end":{"line":39,"column":19}},"19":{"start":{"line":40,"column":8},"end":{"line":40,"column":18}},"20":{"start":{"line":41,"column":8},"end":{"line":41,"column":28}},"21":{"start":{"line":45,"column":14},"end":{"line":50,"column":1}},"22":{"start":{"line":46,"column":4},"end":{"line":48,"column":5}},"23":{"start":{"line":47,"column":8},"end":{"line":47,"column":54}},"24":{"start":{"line":49,"column":4},"end":{"line":49,"column":14}},"25":{"start":{"line":52,"column":19},"end":{"line":59,"column":1}},"26":{"start":{"line":53,"column":21},"end":{"line":53,"column":55}},"27":{"start":{"line":54,"column":4},"end":{"line":57,"column":5}},"28":{"start":{"line":55,"column":8},"end":{"line":55,"column":42}},"29":{"start":{"line":56,"column":8},"end":{"line":56,"column":20}},"30":{"start":{"line":58,"column":4},"end":{"line":58,"column":17}},"31":{"start":{"line":61,"column":0},"end":{"line":61,"column":52}}},"fnMap":{"0":{"name":"(anonymous_0)","decl":{"start":{"line":7,"column":13},"end":{"line":7,"column":14}},"loc":{"start":{"line":7,"column":25},"end":{"line":35,"column":1}},"line":7},"1":{"name":"(anonymous_1)","decl":{"start":{"line":15,"column":24},"end":{"line":15,"column":25}},"loc":{"start":{"line":15,"column":36},"end":{"line":32,"column":5}},"line":15},"2":{"name":"(anonymous_2)","decl":{"start":{"line":16,"column":30},"end":{"line":16,"column":31}},"loc":{"start":{"line":16,"column":42},"end":{"line":21,"column":9}},"line":16},"3":{"name":"(anonymous_3)","decl":{"start":{"line":23,"column":32},"end":{"line":23,"column":33}},"loc":{"start":{"line":23,"column":38},"end":{"line":31,"column":9}},"line":23},"4":{"name":"(anonymous_4)","decl":{"start":{"line":37,"column":14},"end":{"line":37,"column":15}},"loc":{"start":{"line":37,"column":20},"end":{"line":43,"column":1}},"line":37},"5":{"name":"(anonymous_5)","decl":{"start":{"line":45,"column":14},"end":{"line":45,"column":15}},"loc":{"start":{"line":45,"column":20},"end":{"line":50,"column":1}},"line":45},"6":{"name":"(anonymous_6)","decl":{"start":{"line":52,"column":19},"end":{"line":52,"column":20}},"loc":{"start":{"line":52,"column":44},"end":{"line":59,"column":1}},"line":52}},"branchMap":{"0":{"loc":{"start":{"line":17,"column":12},"end":{"line":20,"column":13}},"type":"if","locations":[{"start":{"line":17,"column":12},"end":{"line":20,"column":13}},{"start":{},"end":{}}],"line":17},"1":{"loc":{"start":{"line":25,"column":16},"end":{"line":29,"column":17}},"type":"if","locations":[{"start":{"line":25,"column":16},"end":{"line":29,"column":17}},{"start":{},"end":{}}],"line":25},"2":{"loc":{"start":{"line":38,"column":4},"end":{"line":42,"column":5}},"type":"if","locations":[{"start":{"line":38,"column":4},"end":{"line":42,"column":5}},{"start":{},"end":{}}],"line":38},"3":{"loc":{"start":{"line":46,"column":4},"end":{"line":48,"column":5}},"type":"if","locations":[{"start":{"line":46,"column":4},"end":{"line":48,"column":5}},{"start":{},"end":{}}],"line":46},"4":{"loc":{"start":{"line":54,"column":4},"end":{"line":57,"column":5}},"type":"if","locations":[{"start":{"line":54,"column":4},"end":{"line":57,"column":5}},{"start":{},"end":{}}],"line":54},"5":{"loc":{"start":{"line":54,"column":8},"end":{"line":54,"column":22}},"type":"binary-expr","locations":[{"start":{"line":54,"column":8},"end":{"line":54,"column":10}},{"start":{"line":54,"column":14},"end":{"line":54,"column":22}}],"line":54}},"s":{"0":9,"1":9,"2":9,"3":9,"4":9,"5":0,"6":0,"7":0,"8":0,"9":0,"10":0,"11":0,"12":0,"13":0,"14":0,"15":9,"16":9,"17":9,"18":9,"19":9,"20":9,"21":9,"22":1,"23":0,"24":1,"25":9,"26":6,"27":6,"28":0,"29":0,"30":6,"31":9},"f":{"0":9,"1":0,"2":0,"3":0,"4":9,"5":1,"6":6},"b":{"0":[0,0],"1":[0,0],"2":[9,0],"3":[0,1],"4":[0,6],"5":[6,6]},"_coverageSchema":"1a1c01bbd47fc00a2c39e90264f33305004495a9","hash":"4ef608bc556529d2424522993fcdaca86e38a0a9"}
,"/Users/dzaitsev/diploma/utils/textExtractor.js": {"path":"/Users/dzaitsev/diploma/utils/textExtractor.js","statementMap":{"0":{"start":{"line":1,"column":11},"end":{"line":1,"column":24}},"1":{"start":{"line":2,"column":13},"end":{"line":2,"column":28}},"2":{"start":{"line":4,"column":28},"end":{"line":32,"column":1}},"3":{"start":{"line":5,"column":16},"end":{"line":5,"column":52}},"4":{"start":{"line":6,"column":21},"end":{"line":6,"column":57}},"5":{"start":{"line":8,"column":4},"end":{"line":8,"column":44}},"6":{"start":{"line":8,"column":34},"end":{"line":8,"column":44}},"7":{"start":{"line":10,"column":4},"end":{"line":29,"column":5}},"8":{"start":{"line":11,"column":8},"end":{"line":16,"column":9}},"9":{"start":{"line":12,"column":29},"end":{"line":12,"column":49}},"10":{"start":{"line":13,"column":27},"end":{"line":13,"column":52}},"11":{"start":{"line":14,"column":25},"end":{"line":14,"column":47}},"12":{"start":{"line":15,"column":12},"end":{"line":15,"column":35}},"13":{"start":{"line":18,"column":8},"end":{"line":22,"column":9}},"14":{"start":{"line":19,"column":28},"end":{"line":19,"column":46}},"15":{"start":{"line":20,"column":27},"end":{"line":20,"column":75}},"16":{"start":{"line":21,"column":12},"end":{"line":21,"column":38}},"17":{"start":{"line":24,"column":8},"end":{"line":26,"column":9}},"18":{"start":{"line":25,"column":12},"end":{"line":25,"column":53}},"19":{"start":{"line":28,"column":8},"end":{"line":28,"column":77}},"20":{"start":{"line":31,"column":4},"end":{"line":31,"column":14}},"21":{"start":{"line":34,"column":29},"end":{"line":41,"column":1}},"22":{"start":{"line":35,"column":18},"end":{"line":35,"column":20}},"23":{"start":{"line":36,"column":4},"end":{"line":39,"column":5}},"24":{"start":{"line":37,"column":21},"end":{"line":37,"column":54}},"25":{"start":{"line":38,"column":8},"end":{"line":38,"column":35}},"26":{"start":{"line":38,"column":18},"end":{"line":38,"column":35}},"27":{"start":{"line":40,"column":4},"end":{"line":40,"column":30}},"28":{"start":{"line":43,"column":0},"end":{"line":43,"column":63}}},"fnMap":{"0":{"name":"(anonymous_0)","decl":{"start":{"line":4,"column":28},"end":{"line":4,"column":29}},"loc":{"start":{"line":4,"column":48},"end":{"line":32,"column":1}},"line":4},"1":{"name":"(anonymous_1)","decl":{"start":{"line":34,"column":29},"end":{"line":34,"column":30}},"loc":{"start":{"line":34,"column":46},"end":{"line":41,"column":1}},"line":34}},"branchMap":{"0":{"loc":{"start":{"line":8,"column":4},"end":{"line":8,"column":44}},"type":"if","locations":[{"start":{"line":8,"column":4},"end":{"line":8,"column":44}},{"start":{},"end":{}}],"line":8},"1":{"loc":{"start":{"line":11,"column":8},"end":{"line":16,"column":9}},"type":"if","locations":[{"start":{"line":11,"column":8},"end":{"line":16,"column":9}},{"start":{},"end":{}}],"line":11},"2":{"loc":{"start":{"line":15,"column":19},"end":{"line":15,"column":34}},"type":"binary-expr","locations":[{"start":{"line":15,"column":19},"end":{"line":15,"column":28}},{"start":{"line":15,"column":32},"end":{"line":15,"column":34}}],"line":15},"3":{"loc":{"start":{"line":18,"column":8},"end":{"line":22,"column":9}},"type":"if","locations":[{"start":{"line":18,"column":8},"end":{"line":22,"column":9}},{"start":{},"end":{}}],"line":18},"4":{"loc":{"start":{"line":21,"column":19},"end":{"line":21,"column":37}},"type":"binary-expr","locations":[{"start":{"line":21,"column":19},"end":{"line":21,"column":31}},{"start":{"line":21,"column":35},"end":{"line":21,"column":37}}],"line":21},"5":{"loc":{"start":{"line":24,"column":8},"end":{"line":26,"column":9}},"type":"if","locations":[{"start":{"line":24,"column":8},"end":{"line":26,"column":9}},{"start":{},"end":{}}],"line":24},"6":{"loc":{"start":{"line":38,"column":8},"end":{"line":38,"column":35}},"type":"if","locations":[{"start":{"line":38,"column":8},"end":{"line":38,"column":35}},{"start":{},"end":{}}],"line":38}},"s":{"0":9,"1":9,"2":9,"3":0,"4":0,"5":0,"6":0,"7":0,"8":0,"9":0,"10":0,"11":0,"12":0,"13":0,"14":0,"15":0,"16":0,"17":0,"18":0,"19":0,"20":0,"21":9,"22":0,"23":0,"24":0,"25":0,"26":0,"27":0,"28":9},"f":{"0":0,"1":0},"b":{"0":[0,0],"1":[0,0],"2":[0,0],"3":[0,0],"4":[0,0],"5":[0,0],"6":[0,0]},"_coverageSchema":"1a1c01bbd47fc00a2c39e90264f33305004495a9","hash":"4599413d33d6e1c8900b8e623ccac60a8b37a335"}
}
