TN:
SF:server.js
FN:38,(anonymous_0)
FN:42,(anonymous_1)
FN:61,(anonymous_2)
FN:66,(anonymous_3)
FN:79,(anonymous_4)
FN:84,(anonymous_5)
FN:93,(anonymous_6)
FN:103,(anonymous_7)
FNF:8
FNH:2
FNDA:0,(anonymous_0)
FNDA:56,(anonymous_1)
FNDA:0,(anonymous_2)
FNDA:0,(anonymous_3)
FNDA:0,(anonymous_4)
FNDA:1,(anonymous_5)
FNDA:0,(anonymous_6)
FNDA:0,(anonymous_7)
DA:1,9
DA:2,9
DA:3,9
DA:4,9
DA:5,9
DA:6,9
DA:7,9
DA:8,9
DA:11,9
DA:12,0
DA:15,9
DA:16,9
DA:19,9
DA:21,9
DA:24,9
DA:25,9
DA:26,0
DA:30,9
DA:36,9
DA:38,9
DA:39,9
DA:41,9
DA:44,56
DA:45,0
DA:46,0
DA:47,0
DA:48,0
DA:52,9
DA:58,9
DA:61,9
DA:62,0
DA:66,9
DA:67,9
DA:68,9
DA:69,9
DA:70,9
DA:71,9
DA:72,9
DA:73,9
DA:74,9
DA:75,9
DA:76,9
DA:79,9
DA:80,0
DA:84,9
DA:86,1
DA:87,0
DA:89,1
DA:93,9
DA:94,0
DA:95,0
DA:97,0
DA:100,9
DA:102,9
DA:103,0
DA:104,0
DA:108,9
LF:57
LH:43
BRDA:11,0,0,0
BRDA:11,0,1,9
BRDA:25,1,0,0
BRDA:25,1,1,9
BRDA:38,2,0,0
BRDA:38,2,1,9
BRDA:44,3,0,56
BRDA:44,3,1,0
BRDA:44,4,0,56
BRDA:44,4,1,0
BRDA:44,4,2,0
BRDA:86,5,0,0
BRDA:86,5,1,1
BRDA:86,6,0,1
BRDA:86,6,1,1
BRDA:86,6,2,0
BRDA:89,7,0,1
BRDA:89,7,1,0
BRDA:89,8,0,1
BRDA:89,8,1,0
BRDA:94,9,0,0
BRDA:94,9,1,0
BRDA:100,10,0,9
BRDA:100,10,1,0
BRDA:102,11,0,0
BRDA:102,11,1,9
BRF:26
BRH:12
end_of_record
TN:
SF:config/db.js
FN:3,(anonymous_0)
FNF:1
FNH:0
FNDA:0,(anonymous_0)
DA:1,9
DA:3,9
DA:4,0
DA:5,0
DA:6,0
DA:8,0
DA:9,0
DA:13,9
LF:8
LH:3
BRF:0
BRH:0
end_of_record
TN:
SF:controllers/authController.js
FN:8,(anonymous_0)
FN:38,(anonymous_1)
FN:82,(anonymous_2)
FN:97,(anonymous_3)
FNF:4
FNH:3
FNDA:5,(anonymous_0)
FNDA:1,(anonymous_1)
FNDA:2,(anonymous_2)
FNDA:0,(anonymous_3)
DA:1,9
DA:2,9
DA:3,9
DA:8,9
DA:9,5
DA:11,5
DA:12,5
DA:14,5
DA:15,4
DA:16,0
DA:18,4
DA:27,1
DA:30,0
DA:31,0
DA:38,9
DA:39,1
DA:41,1
DA:42,1
DA:44,1
DA:45,0
DA:48,1
DA:49,1
DA:51,1
DA:59,1
DA:60,1
DA:71,0
DA:74,0
DA:75,0
DA:82,9
DA:83,2
DA:84,2
DA:86,2
DA:87,2
DA:89,0
DA:92,0
DA:93,0
DA:97,9
DA:98,0
DA:99,0
DA:100,0
DA:102,0
DA:103,0
DA:104,0
DA:106,0
DA:110,0
DA:111,0
DA:114,0
DA:115,0
DA:125,0
DA:126,0
DA:130,9
LF:51
LH:28
BRDA:14,0,0,4
BRDA:14,0,1,1
BRDA:14,1,0,5
BRDA:14,1,1,5
BRDA:15,2,0,0
BRDA:15,2,1,4
BRDA:44,3,0,0
BRDA:44,3,1,1
BRDA:59,4,0,1
BRDA:59,4,1,0
BRDA:86,5,0,2
BRDA:86,5,1,0
BRDA:100,6,0,0
BRDA:100,6,1,0
BRDA:102,7,0,0
BRDA:102,7,1,0
BRDA:110,8,0,0
BRDA:110,8,1,0
BRF:18
BRH:8
end_of_record
TN:
SF:controllers/departmentController.js
FN:5,(anonymous_0)
FN:17,(anonymous_1)
FN:33,(anonymous_2)
FN:42,(anonymous_3)
FN:58,(anonymous_4)
FNF:5
FNH:2
FNDA:1,(anonymous_0)
FNDA:1,(anonymous_1)
FNDA:0,(anonymous_2)
FNDA:0,(anonymous_3)
FNDA:0,(anonymous_4)
DA:1,9
DA:2,9
DA:3,9
DA:5,9
DA:6,1
DA:7,1
DA:8,1
DA:10,0
DA:17,9
DA:18,1
DA:19,1
DA:20,1
DA:21,1
DA:23,1
DA:24,1
DA:26,0
DA:33,9
DA:34,0
DA:35,0
DA:36,0
DA:38,0
DA:40,0
DA:41,0
DA:42,0
DA:45,0
DA:48,0
DA:49,0
DA:51,0
DA:58,9
DA:59,0
DA:60,0
DA:61,0
DA:62,0
DA:64,0
DA:66,0
DA:67,0
DA:70,0
DA:71,0
DA:73,0
DA:77,9
LF:40
LH:17
BRDA:21,0,0,0
BRDA:21,0,1,1
BRDA:36,1,0,0
BRDA:36,1,1,0
BRDA:40,2,0,0
BRDA:40,2,1,0
BRDA:62,3,0,0
BRDA:62,3,1,0
BRDA:64,4,0,0
BRDA:64,4,1,0
BRDA:64,5,0,0
BRDA:64,5,1,0
BRF:12
BRH:1
end_of_record
TN:
SF:controllers/documentController.js
FN:14,(anonymous_0)
FN:16,(anonymous_1)
FN:27,(anonymous_2)
FN:43,(anonymous_3)
FN:63,(anonymous_4)
FN:75,(anonymous_5)
FN:85,(anonymous_6)
FN:106,(anonymous_7)
FN:138,(anonymous_8)
FN:139,(anonymous_9)
FN:140,(anonymous_10)
FN:150,(anonymous_11)
FN:188,(anonymous_12)
FN:195,(anonymous_13)
FN:273,(anonymous_14)
FN:311,(anonymous_15)
FN:332,(anonymous_16)
FN:351,(anonymous_17)
FN:383,(anonymous_18)
FN:405,(anonymous_19)
FN:409,(anonymous_20)
FN:409,(anonymous_21)
FN:425,(anonymous_22)
FN:454,(anonymous_23)
FN:458,(anonymous_24)
FN:458,(anonymous_25)
FN:476,(anonymous_26)
FN:525,(anonymous_27)
FN:571,(anonymous_28)
FN:599,(anonymous_29)
FN:613,(anonymous_30)
FN:626,(anonymous_31)
FN:628,(anonymous_32)
FN:630,(anonymous_33)
FN:631,(anonymous_34)
FN:633,(anonymous_35)
FN:642,(anonymous_36)
FN:649,(anonymous_37)
FN:692,(anonymous_38)
FN:726,(anonymous_39)
FN:736,(anonymous_40)
FN:742,(anonymous_41)
FN:758,(anonymous_42)
FN:820,(anonymous_43)
FN:838,(anonymous_44)
FN:857,(anonymous_45)
FN:869,(anonymous_46)
FN:883,(anonymous_47)
FNF:48
FNH:23
FNDA:2,(anonymous_0)
FNDA:10,(anonymous_1)
FNDA:3,(anonymous_2)
FNDA:6,(anonymous_3)
FNDA:2,(anonymous_4)
FNDA:1,(anonymous_5)
FNDA:0,(anonymous_6)
FNDA:2,(anonymous_7)
FNDA:0,(anonymous_8)
FNDA:0,(anonymous_9)
FNDA:0,(anonymous_10)
FNDA:3,(anonymous_11)
FNDA:0,(anonymous_12)
FNDA:0,(anonymous_13)
FNDA:0,(anonymous_14)
FNDA:0,(anonymous_15)
FNDA:0,(anonymous_16)
FNDA:1,(anonymous_17)
FNDA:1,(anonymous_18)
FNDA:0,(anonymous_19)
FNDA:1,(anonymous_20)
FNDA:1,(anonymous_21)
FNDA:1,(anonymous_22)
FNDA:0,(anonymous_23)
FNDA:1,(anonymous_24)
FNDA:1,(anonymous_25)
FNDA:0,(anonymous_26)
FNDA:1,(anonymous_27)
FNDA:1,(anonymous_28)
FNDA:0,(anonymous_29)
FNDA:0,(anonymous_30)
FNDA:0,(anonymous_31)
FNDA:0,(anonymous_32)
FNDA:0,(anonymous_33)
FNDA:0,(anonymous_34)
FNDA:0,(anonymous_35)
FNDA:0,(anonymous_36)
FNDA:0,(anonymous_37)
FNDA:1,(anonymous_38)
FNDA:1,(anonymous_39)
FNDA:1,(anonymous_40)
FNDA:1,(anonymous_41)
FNDA:0,(anonymous_42)
FNDA:1,(anonymous_43)
FNDA:0,(anonymous_44)
FNDA:0,(anonymous_45)
FNDA:0,(anonymous_46)
FNDA:2,(anonymous_47)
DA:1,9
DA:2,9
DA:3,9
DA:4,9
DA:5,9
DA:6,9
DA:7,9
DA:8,9
DA:9,9
DA:10,9
DA:11,9
DA:12,9
DA:14,9
DA:16,9
DA:17,10
DA:27,9
DA:28,3
DA:29,3
DA:38,0
DA:43,9
DA:44,6
DA:45,6
DA:48,6
DA:58,0
DA:63,9
DA:64,2
DA:65,2
DA:72,2
DA:75,9
DA:76,1
DA:77,1
DA:79,1
DA:80,1
DA:81,1
DA:82,0
DA:85,1
DA:94,1
DA:101,1
DA:104,1
DA:105,1
DA:106,2
DA:110,1
DA:111,1
DA:112,1
DA:113,1
DA:123,1
DA:125,0
DA:126,0
DA:130,1
DA:131,0
DA:134,1
DA:137,1
DA:138,0
DA:139,0
DA:143,1
DA:145,0
DA:146,0
DA:150,9
DA:151,3
DA:152,3
DA:154,3
DA:157,3
DA:158,0
DA:161,3
DA:162,3
DA:163,3
DA:164,3
DA:166,3
DA:169,3
DA:170,0
DA:174,3
DA:175,0
DA:176,0
DA:177,0
DA:180,3
DA:181,0
DA:182,0
DA:183,0
DA:187,3
DA:188,0
DA:189,0
DA:192,3
DA:193,2
DA:194,2
DA:195,2
DA:197,2
DA:212,2
DA:213,2
DA:217,3
DA:218,2
DA:220,0
DA:221,0
DA:222,0
DA:223,0
DA:227,2
DA:233,2
DA:234,2
DA:235,2
DA:236,0
DA:240,1
DA:242,1
DA:243,1
DA:245,1
DA:252,1
DA:261,3
DA:267,3
DA:269,0
DA:273,9
DA:274,0
DA:275,0
DA:283,0
DA:284,0
DA:287,0
DA:288,0
DA:289,0
DA:290,0
DA:291,0
DA:295,0
DA:296,0
DA:297,0
DA:301,0
DA:302,0
DA:305,0
DA:307,0
DA:311,9
DA:312,0
DA:313,0
DA:314,0
DA:316,0
DA:317,0
DA:318,0
DA:320,0
DA:321,0
DA:322,0
DA:323,0
DA:324,0
DA:325,0
DA:326,0
DA:327,0
DA:328,0
DA:331,0
DA:332,0
DA:333,0
DA:334,0
DA:336,0
DA:337,0
DA:338,0
DA:341,0
DA:342,0
DA:343,0
DA:345,0
DA:347,0
DA:351,9
DA:352,1
DA:353,1
DA:354,1
DA:356,1
DA:357,1
DA:359,1
DA:360,1
DA:361,0
DA:365,0
DA:366,0
DA:370,1
DA:373,1
DA:374,0
DA:377,1
DA:379,0
DA:383,9
DA:384,1
DA:385,1
DA:386,1
DA:387,1
DA:388,1
DA:390,1
DA:391,1
DA:392,1
DA:394,1
DA:395,1
DA:397,1
DA:399,1
DA:402,1
DA:404,1
DA:405,1
DA:406,0
DA:409,1
DA:410,1
DA:411,1
DA:415,1
DA:416,1
DA:419,1
DA:421,0
DA:425,9
DA:426,1
DA:427,1
DA:428,1
DA:429,1
DA:432,1
DA:433,0
DA:437,0
DA:438,0
DA:442,1
DA:443,1
DA:444,1
DA:446,1
DA:447,1
DA:449,1
DA:451,1
DA:452,1
DA:453,1
DA:454,1
DA:455,0
DA:458,1
DA:459,1
DA:460,1
DA:463,1
DA:464,1
DA:468,1
DA:470,1
DA:472,0
DA:476,9
DA:477,0
DA:478,0
DA:479,0
DA:481,0
DA:482,0
DA:483,0
DA:484,0
DA:485,0
DA:489,0
DA:490,0
DA:494,0
DA:495,0
DA:497,0
DA:498,0
DA:500,0
DA:502,0
DA:503,0
DA:505,0
DA:506,0
DA:508,0
DA:510,0
DA:511,0
DA:515,0
DA:516,0
DA:519,0
DA:521,0
DA:525,9
DA:526,1
DA:527,1
DA:528,1
DA:529,1
DA:530,1
DA:531,0
DA:535,0
DA:536,0
DA:540,1
DA:541,1
DA:542,1
DA:544,1
DA:545,1
DA:547,1
DA:549,1
DA:550,1
DA:551,1
DA:553,1
DA:554,1
DA:558,1
DA:559,1
DA:561,1
DA:562,1
DA:565,1
DA:567,0
DA:571,9
DA:572,1
DA:573,1
DA:574,1
DA:575,1
DA:577,1
DA:578,1
DA:580,1
DA:582,1
DA:583,1
DA:585,1
DA:586,1
DA:589,1
DA:590,1
DA:593,1
DA:595,0
DA:599,9
DA:600,0
DA:601,0
DA:602,0
DA:603,0
DA:604,0
DA:606,0
DA:607,0
DA:608,0
DA:609,0
DA:610,0
DA:613,0
DA:621,0
DA:622,0
DA:623,0
DA:626,0
DA:627,0
DA:628,0
DA:629,0
DA:630,0
DA:635,0
DA:637,0
DA:642,9
DA:643,0
DA:644,0
DA:645,0
DA:646,0
DA:647,0
DA:649,0
DA:650,0
DA:651,0
DA:653,0
DA:654,0
DA:657,0
DA:670,0
DA:671,0
DA:682,0
DA:683,0
DA:685,0
DA:687,0
DA:692,9
DA:693,1
DA:694,1
DA:695,1
DA:697,1
DA:698,0
DA:701,1
DA:702,1
DA:704,1
DA:705,1
DA:708,1
DA:709,1
DA:710,1
DA:712,1
DA:713,1
DA:714,1
DA:717,1
DA:718,1
DA:720,1
DA:722,0
DA:726,9
DA:727,1
DA:728,1
DA:729,1
DA:731,1
DA:732,0
DA:735,1
DA:736,1
DA:737,1
DA:740,1
DA:741,1
DA:742,1
DA:743,1
DA:746,1
DA:747,1
DA:748,1
DA:751,1
DA:753,0
DA:758,9
DA:759,0
DA:760,0
DA:761,0
DA:762,0
DA:764,0
DA:765,0
DA:768,0
DA:770,0
DA:771,0
DA:772,0
DA:773,0
DA:774,0
DA:775,0
DA:776,0
DA:779,0
DA:781,0
DA:782,0
DA:783,0
DA:784,0
DA:786,0
DA:787,0
DA:788,0
DA:789,0
DA:790,0
DA:791,0
DA:794,0
DA:795,0
DA:796,0
DA:797,0
DA:799,0
DA:800,0
DA:801,0
DA:802,0
DA:803,0
DA:806,0
DA:809,0
DA:810,0
DA:814,0
DA:816,0
DA:820,9
DA:821,1
DA:822,1
DA:823,1
DA:825,1
DA:826,0
DA:829,1
DA:832,1
DA:834,0
DA:838,9
DA:839,0
DA:840,0
DA:841,0
DA:843,0
DA:844,0
DA:847,0
DA:848,0
DA:850,0
DA:851,0
DA:853,0
DA:857,9
DA:858,0
DA:859,0
DA:860,0
DA:862,0
DA:863,0
DA:865,0
DA:866,0
DA:869,0
DA:870,0
DA:872,0
DA:873,0
DA:874,0
DA:876,0
DA:877,0
DA:879,0
DA:883,9
DA:884,2
DA:885,2
DA:888,2
DA:891,2
DA:892,1
DA:895,1
DA:896,1
DA:897,1
DA:898,1
DA:899,0
DA:903,1
DA:904,1
DA:905,0
DA:909,1
DA:910,0
DA:913,1
DA:914,1
DA:916,1
DA:918,0
DA:922,9
LF:464
LH:240
BRDA:16,0,0,1
BRDA:43,1,0,0
BRDA:72,2,0,0
BRDA:72,2,1,2
BRDA:80,3,0,1
BRDA:80,3,1,0
BRDA:81,4,0,0
BRDA:81,4,1,1
BRDA:81,5,0,1
BRDA:81,5,1,1
BRDA:85,6,0,1
BRDA:85,6,1,0
BRDA:101,7,0,1
BRDA:101,7,1,1
BRDA:105,8,0,1
BRDA:105,8,1,0
BRDA:106,9,0,0
BRDA:106,9,1,1
BRDA:106,10,0,1
BRDA:106,10,1,0
BRDA:116,11,0,1
BRDA:116,11,1,0
BRDA:121,12,0,1
BRDA:121,12,1,0
BRDA:125,13,0,0
BRDA:125,13,1,0
BRDA:125,14,0,0
BRDA:125,14,1,0
BRDA:130,15,0,0
BRDA:130,15,1,1
BRDA:137,16,0,0
BRDA:137,16,1,1
BRDA:139,17,0,0
BRDA:139,17,1,0
BRDA:157,18,0,0
BRDA:157,18,1,3
BRDA:161,19,0,0
BRDA:161,19,1,3
BRDA:162,20,0,0
BRDA:162,20,1,3
BRDA:163,21,0,0
BRDA:163,21,1,3
BRDA:164,22,0,0
BRDA:164,22,1,3
BRDA:166,23,0,0
BRDA:166,23,1,3
BRDA:169,24,0,0
BRDA:169,24,1,3
BRDA:174,25,0,0
BRDA:174,25,1,3
BRDA:176,26,0,0
BRDA:176,26,1,0
BRDA:180,27,0,0
BRDA:180,27,1,3
BRDA:180,28,0,3
BRDA:180,28,1,3
BRDA:182,29,0,0
BRDA:182,29,1,0
BRDA:183,30,0,0
BRDA:183,30,1,0
BRDA:187,31,0,0
BRDA:187,31,1,3
BRDA:189,32,0,0
BRDA:189,32,1,0
BRDA:192,33,0,2
BRDA:192,33,1,1
BRDA:212,34,0,2
BRDA:212,34,1,0
BRDA:217,35,0,2
BRDA:217,35,1,1
BRDA:218,36,0,0
BRDA:218,36,1,2
BRDA:221,37,0,0
BRDA:221,37,1,0
BRDA:222,38,0,0
BRDA:222,38,1,0
BRDA:233,39,0,0
BRDA:233,39,1,2
BRDA:235,40,0,0
BRDA:235,40,1,2
BRDA:240,41,0,0
BRDA:240,41,1,1
BRDA:242,42,0,1
BRDA:242,42,1,0
BRDA:243,43,0,1
BRDA:243,43,1,0
BRDA:283,44,0,0
BRDA:283,44,1,0
BRDA:283,45,0,0
BRDA:283,45,1,0
BRDA:287,46,0,0
BRDA:287,46,1,0
BRDA:289,47,0,0
BRDA:289,47,1,0
BRDA:290,48,0,0
BRDA:290,48,1,0
BRDA:290,49,0,0
BRDA:290,49,1,0
BRDA:295,50,0,0
BRDA:295,50,1,0
BRDA:295,51,0,0
BRDA:295,51,1,0
BRDA:296,52,0,0
BRDA:296,52,1,0
BRDA:301,53,0,0
BRDA:301,53,1,0
BRDA:301,54,0,0
BRDA:301,54,1,0
BRDA:301,54,2,0
BRDA:316,55,0,0
BRDA:316,55,1,0
BRDA:316,56,0,0
BRDA:316,56,1,0
BRDA:317,57,0,0
BRDA:317,57,1,0
BRDA:318,58,0,0
BRDA:318,58,1,0
BRDA:321,59,0,0
BRDA:321,59,1,0
BRDA:321,60,0,0
BRDA:321,60,1,0
BRDA:322,61,0,0
BRDA:322,61,1,0
BRDA:322,62,0,0
BRDA:322,62,1,0
BRDA:323,63,0,0
BRDA:323,63,1,0
BRDA:324,64,0,0
BRDA:324,64,1,0
BRDA:325,65,0,0
BRDA:325,65,1,0
BRDA:326,66,0,0
BRDA:326,66,1,0
BRDA:331,67,0,0
BRDA:331,67,1,0
BRDA:332,68,0,0
BRDA:332,68,1,0
BRDA:332,69,0,0
BRDA:332,69,1,0
BRDA:336,70,0,0
BRDA:336,70,1,0
BRDA:336,71,0,0
BRDA:336,71,1,0
BRDA:342,72,0,0
BRDA:342,72,1,0
BRDA:354,73,0,0
BRDA:354,73,1,1
BRDA:357,74,0,0
BRDA:357,74,1,1
BRDA:357,75,0,1
BRDA:357,75,1,1
BRDA:359,76,0,0
BRDA:359,76,1,1
BRDA:359,77,0,1
BRDA:359,77,1,1
BRDA:360,78,0,0
BRDA:360,78,1,1
BRDA:360,79,0,1
BRDA:360,79,1,0
BRDA:365,80,0,0
BRDA:365,80,1,0
BRDA:373,81,0,0
BRDA:373,81,1,1
BRDA:386,82,0,0
BRDA:386,82,1,1
BRDA:386,83,0,1
BRDA:386,83,1,1
BRDA:387,84,0,0
BRDA:387,84,1,1
BRDA:388,85,0,0
BRDA:388,85,1,1
BRDA:405,86,0,0
BRDA:405,86,1,1
BRDA:405,87,0,1
BRDA:405,87,1,0
BRDA:410,88,0,1
BRDA:410,88,1,0
BRDA:428,89,0,0
BRDA:428,89,1,1
BRDA:428,90,0,1
BRDA:428,90,1,1
BRDA:429,91,0,0
BRDA:429,91,1,1
BRDA:432,92,0,0
BRDA:432,92,1,1
BRDA:432,93,0,1
BRDA:432,93,1,1
BRDA:437,94,0,0
BRDA:437,94,1,0
BRDA:454,95,0,0
BRDA:454,95,1,1
BRDA:454,96,0,1
BRDA:454,96,1,0
BRDA:459,97,0,1
BRDA:459,97,1,0
BRDA:479,98,0,0
BRDA:479,98,1,0
BRDA:482,99,0,0
BRDA:482,99,1,0
BRDA:482,100,0,0
BRDA:482,100,1,0
BRDA:483,101,0,0
BRDA:483,101,1,0
BRDA:484,102,0,0
BRDA:484,102,1,0
BRDA:484,103,0,0
BRDA:484,103,1,0
BRDA:489,104,0,0
BRDA:489,104,1,0
BRDA:497,105,0,0
BRDA:497,105,1,0
BRDA:498,106,0,0
BRDA:498,106,1,0
BRDA:503,107,0,0
BRDA:503,107,1,0
BRDA:510,108,0,0
BRDA:510,108,1,0
BRDA:510,109,0,0
BRDA:510,109,1,0
BRDA:510,109,2,0
BRDA:515,110,0,0
BRDA:515,110,1,0
BRDA:528,111,0,0
BRDA:528,111,1,1
BRDA:528,112,0,1
BRDA:528,112,1,1
BRDA:529,113,0,0
BRDA:529,113,1,1
BRDA:530,114,0,0
BRDA:530,114,1,1
BRDA:530,115,0,1
BRDA:530,115,1,1
BRDA:535,116,0,0
BRDA:535,116,1,0
BRDA:550,117,0,1
BRDA:550,117,1,0
BRDA:550,118,0,1
BRDA:550,118,1,1
BRDA:550,118,2,1
BRDA:553,119,0,1
BRDA:553,119,1,0
BRDA:553,120,0,1
BRDA:553,120,1,1
BRDA:553,120,2,1
BRDA:558,121,0,1
BRDA:558,121,1,0
BRDA:561,122,0,1
BRDA:561,122,1,0
BRDA:574,123,0,0
BRDA:574,123,1,1
BRDA:574,124,0,1
BRDA:574,124,1,1
BRDA:575,125,0,0
BRDA:575,125,1,1
BRDA:585,126,0,1
BRDA:585,126,1,0
BRDA:585,127,0,1
BRDA:585,127,1,1
BRDA:585,127,2,1
BRDA:589,128,0,1
BRDA:589,128,1,0
BRDA:602,129,0,0
BRDA:602,129,1,0
BRDA:602,130,0,0
BRDA:602,130,1,0
BRDA:603,131,0,0
BRDA:603,131,1,0
BRDA:604,132,0,0
BRDA:604,132,1,0
BRDA:606,133,0,0
BRDA:606,133,1,0
BRDA:608,134,0,0
BRDA:608,134,1,0
BRDA:609,135,0,0
BRDA:609,135,1,0
BRDA:627,136,0,0
BRDA:627,136,1,0
BRDA:629,137,0,0
BRDA:629,137,1,0
BRDA:645,138,0,0
BRDA:645,138,1,0
BRDA:645,139,0,0
BRDA:645,139,1,0
BRDA:646,140,0,0
BRDA:646,140,1,0
BRDA:647,141,0,0
BRDA:647,141,1,0
BRDA:650,142,0,0
BRDA:650,142,1,0
BRDA:651,143,0,0
BRDA:651,143,1,0
BRDA:651,144,0,0
BRDA:651,144,1,0
BRDA:654,145,0,0
BRDA:654,145,1,0
BRDA:663,146,0,0
BRDA:663,146,1,0
BRDA:683,147,0,0
BRDA:683,147,1,0
BRDA:695,148,0,0
BRDA:695,148,1,1
BRDA:695,149,0,1
BRDA:695,149,1,1
BRDA:697,150,0,0
BRDA:697,150,1,1
BRDA:697,151,0,1
BRDA:697,151,1,0
BRDA:702,152,0,0
BRDA:702,152,1,1
BRDA:705,153,0,0
BRDA:705,153,1,1
BRDA:705,154,0,1
BRDA:705,154,1,1
BRDA:708,155,0,1
BRDA:708,155,1,0
BRDA:712,156,0,1
BRDA:712,156,1,0
BRDA:729,157,0,0
BRDA:729,157,1,1
BRDA:729,158,0,1
BRDA:729,158,1,1
BRDA:731,159,0,0
BRDA:731,159,1,1
BRDA:731,160,0,1
BRDA:731,160,1,0
BRDA:741,161,0,1
BRDA:741,161,1,0
BRDA:746,162,0,1
BRDA:746,162,1,0
BRDA:747,163,0,1
BRDA:747,163,1,0
BRDA:761,164,0,0
BRDA:761,164,1,0
BRDA:761,165,0,0
BRDA:761,165,1,0
BRDA:761,165,2,0
BRDA:764,166,0,0
BRDA:764,166,1,0
BRDA:773,167,0,0
BRDA:773,167,1,0
BRDA:773,168,0,0
BRDA:773,168,1,0
BRDA:779,169,0,0
BRDA:779,169,1,0
BRDA:779,169,2,0
BRDA:781,170,0,0
BRDA:781,170,1,0
BRDA:781,171,0,0
BRDA:781,171,1,0
BRDA:794,172,0,0
BRDA:794,172,1,0
BRDA:794,173,0,0
BRDA:794,173,1,0
BRDA:823,174,0,0
BRDA:823,174,1,1
BRDA:823,175,0,1
BRDA:823,175,1,1
BRDA:825,176,0,0
BRDA:825,176,1,1
BRDA:825,177,0,1
BRDA:825,177,1,1
BRDA:841,178,0,0
BRDA:841,178,1,0
BRDA:841,179,0,0
BRDA:841,179,1,0
BRDA:843,180,0,0
BRDA:843,180,1,0
BRDA:843,181,0,0
BRDA:843,181,1,0
BRDA:860,182,0,0
BRDA:860,182,1,0
BRDA:860,183,0,0
BRDA:860,183,1,0
BRDA:862,184,0,0
BRDA:862,184,1,0
BRDA:862,185,0,0
BRDA:862,185,1,0
BRDA:865,186,0,0
BRDA:865,186,1,0
BRDA:870,187,0,0
BRDA:870,187,1,0
BRDA:888,188,0,0
BRDA:888,188,1,2
BRDA:888,189,0,2
BRDA:888,189,1,2
BRDA:891,190,0,1
BRDA:891,190,1,1
BRDA:895,191,0,1
BRDA:895,191,1,0
BRDA:897,192,0,1
BRDA:897,192,1,0
BRDA:898,193,0,0
BRDA:898,193,1,1
BRDA:898,194,0,1
BRDA:898,194,1,0
BRDA:903,195,0,1
BRDA:903,195,1,0
BRDA:903,196,0,1
BRDA:903,196,1,1
BRDA:904,197,0,0
BRDA:904,197,1,1
BRDA:909,198,0,0
BRDA:909,198,1,1
BRDA:909,199,0,1
BRDA:909,199,1,1
BRDA:909,199,2,0
BRF:406
BRH:134
end_of_record
TN:
SF:controllers/documentTypeController.js
FN:7,(anonymous_0)
FN:19,(anonymous_1)
FN:36,(anonymous_2)
FN:59,(anonymous_3)
FNF:4
FNH:2
FNDA:0,(anonymous_0)
FNDA:1,(anonymous_1)
FNDA:1,(anonymous_2)
FNDA:0,(anonymous_3)
DA:1,9
DA:2,9
DA:7,9
DA:8,0
DA:9,0
DA:10,0
DA:12,0
DA:19,9
DA:20,1
DA:21,1
DA:24,1
DA:26,1
DA:27,1
DA:29,0
DA:36,9
DA:37,1
DA:38,1
DA:39,1
DA:42,1
DA:43,1
DA:44,0
DA:47,1
DA:48,1
DA:50,1
DA:52,0
DA:59,9
DA:60,0
DA:61,0
DA:62,0
DA:63,0
DA:64,0
DA:66,0
DA:70,9
LF:33
LH:20
BRDA:39,0,0,0
BRDA:39,0,1,1
BRDA:43,1,0,0
BRDA:43,1,1,1
BRDA:48,2,0,0
BRDA:48,2,1,1
BRDA:63,3,0,0
BRDA:63,3,1,0
BRF:8
BRH:3
end_of_record
TN:
SF:controllers/settingsController.js
FN:4,(anonymous_0)
FN:16,(anonymous_1)
FN:36,(anonymous_2)
FNF:3
FNH:3
FNDA:1,(anonymous_0)
FNDA:2,(anonymous_1)
FNDA:2,(anonymous_2)
DA:1,9
DA:2,9
DA:4,9
DA:5,1
DA:6,1
DA:7,1
DA:8,1
DA:10,1
DA:12,0
DA:16,9
DA:17,2
DA:18,2
DA:19,2
DA:21,2
DA:22,2
DA:23,2
DA:24,2
DA:25,2
DA:26,2
DA:27,2
DA:29,2
DA:30,2
DA:32,0
DA:36,9
DA:37,2
DA:38,2
DA:39,2
DA:41,2
DA:42,2
DA:43,2
DA:44,2
DA:45,2
DA:47,2
DA:48,1
DA:51,1
DA:59,1
DA:66,1
DA:68,0
DA:72,9
LF:39
LH:36
BRDA:7,0,0,1
BRDA:7,0,1,0
BRDA:19,1,0,2
BRDA:19,1,1,1
BRDA:23,2,0,1
BRDA:23,2,1,1
BRDA:24,3,0,0
BRDA:24,3,1,2
BRDA:25,4,0,1
BRDA:25,4,1,1
BRDA:26,5,0,1
BRDA:26,5,1,1
BRDA:27,6,0,0
BRDA:27,6,1,2
BRDA:41,7,0,2
BRDA:41,7,1,2
BRDA:42,8,0,2
BRDA:42,8,1,2
BRDA:42,8,2,2
BRDA:43,9,0,2
BRDA:43,9,1,2
BRDA:44,10,0,2
BRDA:44,10,1,2
BRDA:45,11,0,2
BRDA:45,11,1,2
BRDA:45,11,2,2
BRDA:47,12,0,1
BRDA:47,12,1,1
BRDA:47,13,0,2
BRDA:47,13,1,1
BRDA:47,13,2,1
BRF:31
BRH:28
end_of_record
TN:
SF:middleware/authMiddleware.js
FN:4,(anonymous_0)
FN:37,(anonymous_1)
FN:38,(anonymous_2)
FNF:3
FNH:3
FNDA:48,(anonymous_0)
FNDA:207,(anonymous_1)
FNDA:23,(anonymous_2)
DA:1,9
DA:2,9
DA:4,9
DA:7,48
DA:11,46
DA:12,46
DA:13,46
DA:15,46
DA:17,46
DA:18,0
DA:21,46
DA:22,2
DA:25,44
DA:27,0
DA:28,0
DA:32,2
DA:33,2
DA:37,9
DA:38,207
DA:39,23
DA:40,3
DA:44,20
DA:48,9
LF:23
LH:20
BRDA:7,0,0,46
BRDA:7,0,1,2
BRDA:8,1,0,48
BRDA:8,1,1,46
BRDA:17,2,0,0
BRDA:17,2,1,46
BRDA:21,3,0,2
BRDA:21,3,1,44
BRDA:32,4,0,2
BRDA:32,4,1,0
BRDA:39,5,0,3
BRDA:39,5,1,20
BRDA:39,6,0,23
BRDA:39,6,1,23
BRDA:41,7,0,3
BRDA:41,7,1,0
BRF:16
BRH:13
end_of_record
TN:
SF:middleware/uploadMiddleware.js
FN:7,(anonymous_0)
FN:14,(anonymous_1)
FN:22,checkFileType
FN:39,(anonymous_3)
FNF:4
FNH:0
FNDA:0,(anonymous_0)
FNDA:0,(anonymous_1)
FNDA:0,checkFileType
FNDA:0,(anonymous_3)
DA:1,9
DA:2,9
DA:3,9
DA:6,9
DA:8,0
DA:9,0
DA:10,0
DA:12,0
DA:16,0
DA:17,0
DA:24,0
DA:26,0
DA:28,0
DA:29,0
DA:31,0
DA:36,9
DA:40,0
DA:44,9
LF:18
LH:6
BRDA:9,0,0,0
BRDA:9,0,1,0
BRDA:28,1,0,0
BRDA:28,1,1,0
BRF:4
BRH:0
end_of_record
TN:
SF:models/AuditLog.js
FNF:0
FNH:0
DA:1,9
DA:3,9
DA:33,9
DA:34,9
LF:4
LH:4
BRF:0
BRH:0
end_of_record
TN:
SF:models/Delegation.js
FNF:0
FNH:0
DA:1,9
DA:3,9
DA:40,9
DA:41,9
DA:42,9
DA:44,9
DA:45,9
LF:7
LH:7
BRF:0
BRH:0
end_of_record
TN:
SF:models/Department.js
FNF:0
FNH:0
DA:1,9
DA:3,9
DA:8,9
DA:9,9
LF:4
LH:4
BRF:0
BRH:0
end_of_record
TN:
SF:models/Document.js
FNF:0
FNH:0
DA:1,9
DA:3,9
DA:13,9
DA:100,9
DA:101,9
DA:102,9
DA:103,9
DA:104,9
DA:105,9
DA:106,9
DA:107,9
DA:109,9
DA:110,9
LF:13
LH:13
BRF:0
BRH:0
end_of_record
TN:
SF:models/DocumentType.js
FNF:0
FNH:0
DA:1,9
DA:3,9
DA:20,9
DA:21,9
LF:4
LH:4
BRF:0
BRH:0
end_of_record
TN:
SF:models/Notification.js
FNF:0
FNH:0
DA:1,9
DA:3,9
DA:33,9
DA:35,9
DA:36,9
LF:5
LH:5
BRF:0
BRH:0
end_of_record
TN:
SF:models/SavedFilter.js
FNF:0
FNH:0
DA:1,9
DA:3,9
DA:29,9
DA:30,9
LF:4
LH:4
BRF:0
BRH:0
end_of_record
TN:
SF:models/Settings.js
FNF:0
FNH:0
DA:1,9
DA:3,9
DA:17,9
DA:18,9
LF:4
LH:4
BRF:0
BRH:0
end_of_record
TN:
SF:models/SystemAuditLog.js
FNF:0
FNH:0
DA:1,9
DA:3,9
DA:28,9
DA:29,9
LF:4
LH:4
BRF:0
BRH:0
end_of_record
TN:
SF:models/User.js
FNF:0
FNH:0
DA:1,9
DA:3,9
DA:51,9
DA:52,9
LF:4
LH:4
BRF:0
BRH:0
end_of_record
TN:
SF:routes/authRoutes.js
FNF:0
FNH:0
DA:1,9
DA:2,9
DA:3,9
DA:4,9
DA:5,9
DA:6,9
DA:8,9
DA:16,9
DA:17,9
DA:18,9
DA:19,9
DA:21,9
LF:12
LH:12
BRF:0
BRH:0
end_of_record
TN:
SF:routes/delegationRoutes.js
FN:9,(anonymous_0)
FN:24,(anonymous_1)
FN:73,(anonymous_2)
FNF:3
FNH:1
FNDA:0,(anonymous_0)
FNDA:1,(anonymous_1)
FNDA:0,(anonymous_2)
DA:1,9
DA:2,9
DA:3,9
DA:4,9
DA:5,9
DA:6,9
DA:9,9
DA:10,0
DA:11,0
DA:17,0
DA:19,0
DA:24,9
DA:25,1
DA:26,1
DA:28,1
DA:29,0
DA:32,1
DA:33,0
DA:36,1
DA:37,1
DA:39,1
DA:40,0
DA:43,1
DA:54,1
DA:61,1
DA:65,1
DA:67,0
DA:68,0
DA:73,9
DA:74,0
DA:75,0
DA:76,0
DA:78,0
DA:79,0
DA:82,0
DA:83,0
DA:85,0
DA:87,0
DA:91,9
LF:39
LH:21
BRDA:28,0,0,0
BRDA:28,0,1,1
BRDA:28,1,0,1
BRDA:28,1,1,1
BRDA:28,1,2,1
BRDA:32,2,0,0
BRDA:32,2,1,1
BRDA:37,3,0,0
BRDA:37,3,1,1
BRDA:39,4,0,0
BRDA:39,4,1,1
BRDA:58,5,0,1
BRDA:58,5,1,0
BRDA:76,6,0,0
BRDA:76,6,1,0
BRDA:78,7,0,0
BRDA:78,7,1,0
BRDA:78,8,0,0
BRDA:78,8,1,0
BRF:19
BRH:8
end_of_record
TN:
SF:routes/departmentRoutes.js
FNF:0
FNH:0
DA:1,9
DA:2,9
DA:3,9
DA:4,9
DA:6,9
DA:10,9
DA:14,9
LF:7
LH:7
BRF:0
BRH:0
end_of_record
TN:
SF:routes/documentRoutes.js
FNF:0
FNH:0
DA:1,9
DA:2,9
DA:23,9
DA:24,9
DA:25,9
DA:28,9
DA:33,9
DA:35,9
DA:41,9
DA:42,9
DA:43,9
DA:45,9
DA:48,9
DA:49,9
DA:52,9
DA:53,9
DA:54,9
DA:55,9
DA:56,9
DA:59,9
DA:62,9
DA:64,9
LF:22
LH:22
BRF:0
BRH:0
end_of_record
TN:
SF:routes/documentTypeRoutes.js
FNF:0
FNH:0
DA:1,9
DA:2,9
DA:3,9
DA:4,9
DA:6,9
DA:10,9
DA:14,9
LF:7
LH:7
BRF:0
BRH:0
end_of_record
TN:
SF:routes/notificationRoutes.js
FN:7,(anonymous_0)
FN:21,(anonymous_1)
FN:31,(anonymous_2)
FN:46,(anonymous_3)
FNF:4
FNH:2
FNDA:0,(anonymous_0)
FNDA:2,(anonymous_1)
FNDA:0,(anonymous_2)
FNDA:1,(anonymous_3)
DA:1,9
DA:2,9
DA:3,9
DA:4,9
DA:7,9
DA:8,0
DA:9,0
DA:10,0
DA:13,0
DA:15,0
DA:16,0
DA:21,9
DA:22,2
DA:23,2
DA:24,2
DA:26,0
DA:31,9
DA:32,0
DA:33,0
DA:38,0
DA:39,0
DA:41,0
DA:46,9
DA:47,1
DA:48,1
DA:52,1
DA:54,0
DA:58,9
LF:28
LH:15
BRDA:9,0,0,0
BRDA:9,0,1,0
BRDA:38,1,0,0
BRDA:38,1,1,0
BRF:4
BRH:0
end_of_record
TN:
SF:routes/savedFilterRoutes.js
FN:7,(anonymous_0)
FN:17,(anonymous_1)
FN:33,(anonymous_2)
FNF:3
FNH:3
FNDA:1,(anonymous_0)
FNDA:1,(anonymous_1)
FNDA:1,(anonymous_2)
DA:1,9
DA:2,9
DA:3,9
DA:4,9
DA:7,9
DA:8,1
DA:9,1
DA:10,1
DA:12,0
DA:17,9
DA:18,1
DA:19,1
DA:20,1
DA:22,1
DA:23,1
DA:25,1
DA:26,1
DA:28,0
DA:33,9
DA:34,1
DA:35,1
DA:36,1
DA:37,1
DA:39,0
DA:43,9
LF:25
LH:22
BRDA:20,0,0,0
BRDA:20,0,1,1
BRDA:23,1,0,0
BRDA:23,1,1,1
BRDA:36,2,0,0
BRDA:36,2,1,1
BRF:6
BRH:3
end_of_record
TN:
SF:routes/settingsRoutes.js
FNF:0
FNH:0
DA:1,9
DA:2,9
DA:3,9
DA:4,9
DA:6,9
DA:10,9
DA:12,9
LF:7
LH:7
BRF:0
BRH:0
end_of_record
TN:
SF:routes/statsRoutes.js
FN:11,(anonymous_0)
FN:23,(anonymous_1)
FN:113,(anonymous_2)
FN:122,(anonymous_3)
FNF:4
FNH:1
FNDA:2,(anonymous_0)
FNDA:0,(anonymous_1)
FNDA:0,(anonymous_2)
FNDA:0,(anonymous_3)
DA:1,9
DA:2,9
DA:3,9
DA:4,9
DA:5,9
DA:6,9
DA:11,9
DA:12,2
DA:13,2
DA:14,2
DA:17,2
DA:23,2
DA:24,2
DA:26,2
DA:27,1
DA:28,1
DA:29,0
DA:30,1
DA:31,0
DA:32,0
DA:35,2
DA:38,2
DA:39,2
DA:40,2
DA:43,2
DA:46,2
DA:47,2
DA:48,2
DA:49,2
DA:50,2
DA:51,2
DA:54,2
DA:61,2
DA:62,2
DA:64,2
DA:66,2
DA:86,2
DA:87,0
DA:90,2
DA:91,2
DA:92,0
DA:95,0
DA:99,2
DA:100,2
DA:102,2
DA:103,2
DA:104,1
DA:105,1
DA:107,1
DA:113,1
DA:116,0
DA:122,0
DA:125,2
DA:132,0
DA:135,2
DA:153,0
DA:157,9
LF:57
LH:47
BRDA:26,0,0,1
BRDA:26,0,1,1
BRDA:28,1,0,0
BRDA:28,1,1,1
BRDA:30,2,0,0
BRDA:30,2,1,1
BRDA:86,3,0,0
BRDA:86,3,1,2
BRDA:91,4,0,0
BRDA:91,4,1,2
BRDA:103,5,0,1
BRDA:103,5,1,1
BRDA:105,6,0,1
BRDA:105,6,1,0
BRF:14
BRH:9
end_of_record
TN:
SF:routes/userRoutes.js
FN:14,(anonymous_0)
FN:30,(anonymous_1)
FN:71,(anonymous_2)
FN:82,(anonymous_3)
FN:102,(anonymous_4)
FN:119,(anonymous_5)
FN:138,(anonymous_6)
FN:156,(anonymous_7)
FN:185,(anonymous_8)
FN:287,(anonymous_9)
FNF:10
FNH:8
FNDA:3,(anonymous_0)
FNDA:1,(anonymous_1)
FNDA:0,(anonymous_2)
FNDA:1,(anonymous_3)
FNDA:0,(anonymous_4)
FNDA:1,(anonymous_5)
FNDA:1,(anonymous_6)
FNDA:1,(anonymous_7)
FNDA:2,(anonymous_8)
FNDA:1,(anonymous_9)
DA:1,9
DA:2,9
DA:3,9
DA:4,9
DA:5,9
DA:6,9
DA:7,9
DA:8,9
DA:11,9
DA:14,9
DA:15,3
DA:16,3
DA:25,0
DA:30,9
DA:31,1
DA:32,1
DA:33,1
DA:34,0
DA:35,0
DA:36,0
DA:44,1
DA:45,0
DA:48,1
DA:49,0
DA:50,0
DA:51,0
DA:53,0
DA:54,0
DA:58,1
DA:59,1
DA:60,1
DA:62,1
DA:63,1
DA:65,0
DA:66,0
DA:71,9
DA:72,0
DA:73,0
DA:74,0
DA:76,0
DA:77,0
DA:82,9
DA:83,1
DA:84,1
DA:85,1
DA:87,1
DA:88,1
DA:90,1
DA:92,1
DA:94,1
DA:96,0
DA:97,0
DA:102,9
DA:103,0
DA:104,0
DA:105,0
DA:106,0
DA:109,0
DA:110,0
DA:112,0
DA:114,0
DA:119,9
DA:120,1
DA:121,1
DA:122,1
DA:123,0
DA:126,1
DA:127,1
DA:128,1
DA:129,1
DA:131,1
DA:133,0
DA:138,9
DA:139,1
DA:140,1
DA:141,1
DA:142,0
DA:144,1
DA:145,0
DA:147,1
DA:148,1
DA:150,0
DA:151,0
DA:156,9
DA:157,1
DA:158,1
DA:160,1
DA:161,0
DA:164,1
DA:165,0
DA:168,1
DA:169,1
DA:171,1
DA:172,1
DA:174,1
DA:176,1
DA:177,1
DA:179,0
DA:180,0
DA:185,9
DA:186,2
DA:188,2
DA:190,2
DA:191,2
DA:194,2
DA:195,2
DA:196,0
DA:199,2
DA:200,0
DA:207,2
DA:208,0
DA:209,2
DA:210,0
DA:214,2
DA:215,0
DA:216,2
DA:217,2
DA:221,2
DA:222,0
DA:223,0
DA:224,0
DA:228,2
DA:229,2
DA:232,2
DA:233,2
DA:234,2
DA:235,2
DA:236,1
DA:237,1
DA:239,1
DA:240,1
DA:241,1
DA:242,1
DA:243,1
DA:246,2
DA:247,2
DA:248,2
DA:249,2
DA:251,2
DA:257,2
DA:258,2
DA:262,2
DA:263,0
DA:270,2
DA:272,1
DA:273,1
DA:274,1
DA:275,1
DA:278,2
DA:279,2
DA:281,0
DA:282,0
DA:287,9
DA:288,1
DA:290,1
DA:291,0
DA:294,1
DA:295,1
DA:298,1
DA:299,1
DA:301,0
DA:302,0
DA:305,0
DA:306,0
DA:308,0
DA:310,0
DA:312,0
DA:313,0
DA:317,9
LF:169
LH:112
BRDA:33,0,0,0
BRDA:33,0,1,1
BRDA:44,1,0,0
BRDA:44,1,1,1
BRDA:48,2,0,0
BRDA:48,2,1,1
BRDA:48,3,0,1
BRDA:48,3,1,1
BRDA:50,4,0,0
BRDA:50,4,1,0
BRDA:53,5,0,0
BRDA:53,5,1,0
BRDA:59,6,0,0
BRDA:59,6,1,1
BRDA:60,7,0,0
BRDA:60,7,1,1
BRDA:105,8,0,0
BRDA:105,8,1,0
BRDA:122,9,0,0
BRDA:122,9,1,1
BRDA:141,10,0,0
BRDA:141,10,1,1
BRDA:144,11,0,0
BRDA:144,11,1,1
BRDA:160,12,0,0
BRDA:160,12,1,1
BRDA:160,13,0,1
BRDA:160,13,1,1
BRDA:160,13,2,1
BRDA:160,13,3,1
BRDA:164,14,0,0
BRDA:164,14,1,1
BRDA:164,15,0,1
BRDA:164,15,1,0
BRDA:169,16,0,0
BRDA:169,16,1,1
BRDA:176,17,0,1
BRDA:176,17,1,0
BRDA:191,18,0,0
BRDA:191,18,1,2
BRDA:194,19,0,2
BRDA:194,19,1,0
BRDA:195,20,0,0
BRDA:195,20,1,2
BRDA:199,21,0,0
BRDA:199,21,1,2
BRDA:199,22,0,2
BRDA:199,22,1,0
BRDA:207,23,0,0
BRDA:207,23,1,2
BRDA:207,24,0,2
BRDA:207,24,1,0
BRDA:209,25,0,0
BRDA:209,25,1,2
BRDA:209,26,0,2
BRDA:209,26,1,0
BRDA:209,26,2,0
BRDA:214,27,0,0
BRDA:214,27,1,2
BRDA:216,28,0,2
BRDA:216,28,1,0
BRDA:221,29,0,0
BRDA:221,29,1,2
BRDA:229,30,0,0
BRDA:229,30,1,2
BRDA:229,31,0,2
BRDA:229,31,1,0
BRDA:234,32,0,2
BRDA:234,32,1,1
BRDA:235,33,0,1
BRDA:235,33,1,1
BRDA:237,34,0,0
BRDA:237,34,1,1
BRDA:246,35,0,0
BRDA:246,35,1,2
BRDA:246,36,0,2
BRDA:246,36,1,0
BRDA:247,37,0,0
BRDA:247,37,1,2
BRDA:247,38,0,2
BRDA:247,38,1,0
BRDA:248,39,0,1
BRDA:248,39,1,1
BRDA:248,40,0,2
BRDA:248,40,1,1
BRDA:248,41,0,1
BRDA:248,41,1,0
BRDA:249,42,0,0
BRDA:249,42,1,2
BRDA:257,43,0,2
BRDA:257,43,1,0
BRDA:262,44,0,0
BRDA:262,44,1,2
BRDA:264,45,0,0
BRDA:264,45,1,0
BRDA:270,46,0,1
BRDA:270,46,1,1
BRDA:278,47,0,0
BRDA:278,47,1,2
BRDA:290,48,0,0
BRDA:290,48,1,1
BRDA:290,49,0,1
BRDA:290,49,1,1
BRDA:295,50,0,0
BRDA:295,50,1,1
BRDA:298,51,0,1
BRDA:298,51,1,0
BRDA:301,52,0,0
BRDA:301,52,1,0
BRDA:301,53,0,0
BRDA:301,53,1,0
BRDA:301,53,2,0
BRDA:306,54,0,0
BRDA:306,54,1,0
BRF:114
BRH:58
end_of_record
TN:
SF:utils/emailService.js
FN:4,(anonymous_0)
FNF:1
FNH:1
FNDA:7,(anonymous_0)
DA:1,9
DA:2,9
DA:4,9
DA:5,7
DA:6,7
DA:7,7
DA:8,5
DA:9,5
DA:12,2
DA:20,2
DA:23,2
DA:25,2
DA:26,2
DA:28,0
DA:32,9
LF:15
LH:14
BRDA:7,0,0,5
BRDA:7,0,1,2
BRDA:7,1,0,7
BRDA:7,1,1,2
BRDA:7,1,2,2
BRDA:7,1,3,2
BRDA:14,2,0,2
BRDA:14,2,1,2
BRDA:20,3,0,2
BRDA:20,3,1,2
BRDA:23,4,0,1
BRDA:23,4,1,1
BRF:12
BRH:12
end_of_record
TN:
SF:utils/generateToken.js
FN:3,(anonymous_0)
FNF:1
FNH:1
FNDA:5,(anonymous_0)
DA:1,9
DA:3,9
DA:4,5
DA:9,9
LF:4
LH:4
BRF:0
BRH:0
end_of_record
TN:
SF:utils/socket.js
FN:7,(anonymous_0)
FN:15,(anonymous_1)
FN:16,(anonymous_2)
FN:23,(anonymous_3)
FN:37,(anonymous_4)
FN:45,(anonymous_5)
FN:52,(anonymous_6)
FNF:7
FNH:4
FNDA:9,(anonymous_0)
FNDA:0,(anonymous_1)
FNDA:0,(anonymous_2)
FNDA:0,(anonymous_3)
FNDA:9,(anonymous_4)
FNDA:1,(anonymous_5)
FNDA:6,(anonymous_6)
DA:2,9
DA:5,9
DA:7,9
DA:8,9
DA:15,9
DA:16,0
DA:17,0
DA:18,0
DA:19,0
DA:23,0
DA:24,0
DA:25,0
DA:26,0
DA:27,0
DA:28,0
DA:34,9
DA:37,9
DA:38,9
DA:39,9
DA:40,9
DA:41,9
DA:45,9
DA:46,1
DA:47,0
DA:49,1
DA:52,9
DA:53,6
DA:54,6
DA:55,0
DA:56,0
DA:58,6
DA:61,9
LF:32
LH:19
BRDA:17,0,0,0
BRDA:17,0,1,0
BRDA:25,1,0,0
BRDA:25,1,1,0
BRDA:38,2,0,9
BRDA:38,2,1,0
BRDA:46,3,0,0
BRDA:46,3,1,1
BRDA:54,4,0,0
BRDA:54,4,1,6
BRDA:54,5,0,6
BRDA:54,5,1,6
BRF:12
BRH:5
end_of_record
TN:
SF:utils/textExtractor.js
FN:4,(anonymous_0)
FN:34,(anonymous_1)
FNF:2
FNH:0
FNDA:0,(anonymous_0)
FNDA:0,(anonymous_1)
DA:1,9
DA:2,9
DA:4,9
DA:5,0
DA:6,0
DA:8,0
DA:10,0
DA:11,0
DA:12,0
DA:13,0
DA:14,0
DA:15,0
DA:18,0
DA:19,0
DA:20,0
DA:21,0
DA:24,0
DA:25,0
DA:28,0
DA:31,0
DA:34,9
DA:35,0
DA:36,0
DA:37,0
DA:38,0
DA:40,0
DA:43,9
LF:27
LH:5
BRDA:8,0,0,0
BRDA:8,0,1,0
BRDA:11,1,0,0
BRDA:11,1,1,0
BRDA:15,2,0,0
BRDA:15,2,1,0
BRDA:18,3,0,0
BRDA:18,3,1,0
BRDA:21,4,0,0
BRDA:21,4,1,0
BRDA:24,5,0,0
BRDA:24,5,1,0
BRDA:38,6,0,0
BRDA:38,6,1,0
BRF:14
BRH:0
end_of_record
